
*** Running vivado
    with args -log design_1_axi_timer_0_0.vds -m64 -product Vivado -mode batch -messageDb vivado.pb -notrace -source design_1_axi_timer_0_0.tcl


****** Vivado v2018.2 (64-bit)
  **** SW Build 2258646 on Thu Jun 14 20:03:12 MDT 2018
  **** IP Build 2256618 on Thu Jun 14 22:10:49 MDT 2018
    ** Copyright 1986-2018 Xilinx, Inc. All Rights Reserved.

source design_1_axi_timer_0_0.tcl -notrace
create_project: Time (s): cpu = 00:00:00 ; elapsed = 00:00:09 . Memory (MB): peak = 299.848 ; gain = 70.754
config_ip_cache: Time (s): cpu = 00:00:00 ; elapsed = 00:00:07 . Memory (MB): peak = 337.277 ; gain = 0.000
Command: synth_design -top design_1_axi_timer_0_0 -part xc7a100tcsg324-1 -mode out_of_context
Starting synth_design
Attempting to get a license for feature 'Synthesis' and/or device 'xc7a100t'
INFO: [Common 17-349] Got license for feature 'Synthesis' and/or device 'xc7a100t'
INFO: Launching helper process for spawning children vivado processes
INFO: Helper process launched with PID 3152 
---------------------------------------------------------------------------------
Starting RTL Elaboration : Time (s): cpu = 00:00:01 ; elapsed = 00:00:02 . Memory (MB): peak = 451.000 ; gain = 102.496
---------------------------------------------------------------------------------
INFO: [Synth 8-638] synthesizing module 'design_1_axi_timer_0_0' [e:/20230426/serial_IO/serial_IO.srcs/sources_1/bd/design_1/ip/design_1_axi_timer_0_0/synth/design_1_axi_timer_0_0.vhd:90]
	Parameter C_FAMILY bound to: artix7 - type: string 
	Parameter C_COUNT_WIDTH bound to: 32 - type: integer 
	Parameter C_ONE_TIMER_ONLY bound to: 0 - type: integer 
	Parameter C_TRIG0_ASSERT bound to: 1'b1 
	Parameter C_TRIG1_ASSERT bound to: 1'b1 
	Parameter C_GEN0_ASSERT bound to: 1'b1 
	Parameter C_GEN1_ASSERT bound to: 1'b1 
	Parameter C_S_AXI_DATA_WIDTH bound to: 32 - type: integer 
	Parameter C_S_AXI_ADDR_WIDTH bound to: 5 - type: integer 
INFO: [Synth 8-3491] module 'axi_timer' declared at 'e:/20230426/serial_IO/serial_IO.srcs/sources_1/bd/design_1/ipshared/0a2c/hdl/axi_timer_v2_0_vh_rfs.vhd:2082' bound to instance 'U0' of component 'axi_timer' [e:/20230426/serial_IO/serial_IO.srcs/sources_1/bd/design_1/ip/design_1_axi_timer_0_0/synth/design_1_axi_timer_0_0.vhd:168]
INFO: [Synth 8-638] synthesizing module 'axi_timer' [e:/20230426/serial_IO/serial_IO.srcs/sources_1/bd/design_1/ipshared/0a2c/hdl/axi_timer_v2_0_vh_rfs.vhd:2141]
	Parameter C_FAMILY bound to: artix7 - type: string 
	Parameter C_COUNT_WIDTH bound to: 32 - type: integer 
	Parameter C_ONE_TIMER_ONLY bound to: 0 - type: integer 
	Parameter C_TRIG0_ASSERT bound to: 1'b1 
	Parameter C_TRIG1_ASSERT bound to: 1'b1 
	Parameter C_GEN0_ASSERT bound to: 1'b1 
	Parameter C_GEN1_ASSERT bound to: 1'b1 
	Parameter C_S_AXI_DATA_WIDTH bound to: 32 - type: integer 
	Parameter C_S_AXI_ADDR_WIDTH bound to: 5 - type: integer 
INFO: [Synth 8-5534] Detected attribute (* max_fanout = "10000" *) [e:/20230426/serial_IO/serial_IO.srcs/sources_1/bd/design_1/ipshared/0a2c/hdl/axi_timer_v2_0_vh_rfs.vhd:2106]
INFO: [Synth 8-5534] Detected attribute (* max_fanout = "10000" *) [e:/20230426/serial_IO/serial_IO.srcs/sources_1/bd/design_1/ipshared/0a2c/hdl/axi_timer_v2_0_vh_rfs.vhd:2107]
INFO: [Synth 8-638] synthesizing module 'tc_core' [e:/20230426/serial_IO/serial_IO.srcs/sources_1/bd/design_1/ipshared/0a2c/hdl/axi_timer_v2_0_vh_rfs.vhd:1698]
	Parameter C_FAMILY bound to: artix7 - type: string 
	Parameter C_COUNT_WIDTH bound to: 32 - type: integer 
	Parameter C_ONE_TIMER_ONLY bound to: 0 - type: integer 
	Parameter C_DWIDTH bound to: 32 - type: integer 
	Parameter C_AWIDTH bound to: 5 - type: integer 
	Parameter C_TRIG0_ASSERT bound to: 1'b1 
	Parameter C_TRIG1_ASSERT bound to: 1'b1 
	Parameter C_GEN0_ASSERT bound to: 1'b1 
	Parameter C_GEN1_ASSERT bound to: 1'b1 
	Parameter C_ARD_NUM_CE_ARRAY bound to: 32'b00000000000000000000000000001000 
INFO: [Synth 8-638] synthesizing module 'mux_onehot_f' [e:/20230426/serial_IO/serial_IO.srcs/sources_1/bd/design_1/ipshared/0a2c/hdl/axi_timer_v2_0_vh_rfs.vhd:365]
	Parameter C_DW bound to: 32 - type: integer 
	Parameter C_NB bound to: 6 - type: integer 
	Parameter C_FAMILY bound to: artix7 - type: string 
INFO: [Synth 8-3491] module 'MUXCY' declared at 'C:/Xilinx/Vivado/2018.2/scripts/rt/data/unisim_comp.v:26616' bound to instance 'MUXCY_I' of component 'MUXCY' [e:/20230426/serial_IO/serial_IO.srcs/sources_1/bd/design_1/ipshared/0a2c/hdl/axi_timer_v2_0_vh_rfs.vhd:462]
INFO: [Synth 8-6157] synthesizing module 'MUXCY' [C:/Xilinx/Vivado/2018.2/scripts/rt/data/unisim_comp.v:26616]
INFO: [Synth 8-6155] done synthesizing module 'MUXCY' (1#1) [C:/Xilinx/Vivado/2018.2/scripts/rt/data/unisim_comp.v:26616]
INFO: [Synth 8-3491] module 'MUXCY' declared at 'C:/Xilinx/Vivado/2018.2/scripts/rt/data/unisim_comp.v:26616' bound to instance 'MUXCY_I' of component 'MUXCY' [e:/20230426/serial_IO/serial_IO.srcs/sources_1/bd/design_1/ipshared/0a2c/hdl/axi_timer_v2_0_vh_rfs.vhd:462]
INFO: [Synth 8-3491] module 'MUXCY' declared at 'C:/Xilinx/Vivado/2018.2/scripts/rt/data/unisim_comp.v:26616' bound to instance 'MUXCY_I' of component 'MUXCY' [e:/20230426/serial_IO/serial_IO.srcs/sources_1/bd/design_1/ipshared/0a2c/hdl/axi_timer_v2_0_vh_rfs.vhd:462]
INFO: [Synth 8-3491] module 'MUXCY' declared at 'C:/Xilinx/Vivado/2018.2/scripts/rt/data/unisim_comp.v:26616' bound to instance 'MUXCY_I' of component 'MUXCY' [e:/20230426/serial_IO/serial_IO.srcs/sources_1/bd/design_1/ipshared/0a2c/hdl/axi_timer_v2_0_vh_rfs.vhd:462]
INFO: [Synth 8-3491] module 'MUXCY' declared at 'C:/Xilinx/Vivado/2018.2/scripts/rt/data/unisim_comp.v:26616' bound to instance 'MUXCY_I' of component 'MUXCY' [e:/20230426/serial_IO/serial_IO.srcs/sources_1/bd/design_1/ipshared/0a2c/hdl/axi_timer_v2_0_vh_rfs.vhd:462]
INFO: [Synth 8-3491] module 'MUXCY' declared at 'C:/Xilinx/Vivado/2018.2/scripts/rt/data/unisim_comp.v:26616' bound to instance 'MUXCY_I' of component 'MUXCY' [e:/20230426/serial_IO/serial_IO.srcs/sources_1/bd/design_1/ipshared/0a2c/hdl/axi_timer_v2_0_vh_rfs.vhd:462]
INFO: [Synth 8-3491] module 'MUXCY' declared at 'C:/Xilinx/Vivado/2018.2/scripts/rt/data/unisim_comp.v:26616' bound to instance 'MUXCY_I' of component 'MUXCY' [e:/20230426/serial_IO/serial_IO.srcs/sources_1/bd/design_1/ipshared/0a2c/hdl/axi_timer_v2_0_vh_rfs.vhd:462]
INFO: [Synth 8-3491] module 'MUXCY' declared at 'C:/Xilinx/Vivado/2018.2/scripts/rt/data/unisim_comp.v:26616' bound to instance 'MUXCY_I' of component 'MUXCY' [e:/20230426/serial_IO/serial_IO.srcs/sources_1/bd/design_1/ipshared/0a2c/hdl/axi_timer_v2_0_vh_rfs.vhd:462]
INFO: [Synth 8-3491] module 'MUXCY' declared at 'C:/Xilinx/Vivado/2018.2/scripts/rt/data/unisim_comp.v:26616' bound to instance 'MUXCY_I' of component 'MUXCY' [e:/20230426/serial_IO/serial_IO.srcs/sources_1/bd/design_1/ipshared/0a2c/hdl/axi_timer_v2_0_vh_rfs.vhd:462]
INFO: [Synth 8-3491] module 'MUXCY' declared at 'C:/Xilinx/Vivado/2018.2/scripts/rt/data/unisim_comp.v:26616' bound to instance 'MUXCY_I' of component 'MUXCY' [e:/20230426/serial_IO/serial_IO.srcs/sources_1/bd/design_1/ipshared/0a2c/hdl/axi_timer_v2_0_vh_rfs.vhd:462]
INFO: [Synth 8-3491] module 'MUXCY' declared at 'C:/Xilinx/Vivado/2018.2/scripts/rt/data/unisim_comp.v:26616' bound to instance 'MUXCY_I' of component 'MUXCY' [e:/20230426/serial_IO/serial_IO.srcs/sources_1/bd/design_1/ipshared/0a2c/hdl/axi_timer_v2_0_vh_rfs.vhd:462]
INFO: [Synth 8-3491] module 'MUXCY' declared at 'C:/Xilinx/Vivado/2018.2/scripts/rt/data/unisim_comp.v:26616' bound to instance 'MUXCY_I' of component 'MUXCY' [e:/20230426/serial_IO/serial_IO.srcs/sources_1/bd/design_1/ipshared/0a2c/hdl/axi_timer_v2_0_vh_rfs.vhd:462]
INFO: [Synth 8-3491] module 'MUXCY' declared at 'C:/Xilinx/Vivado/2018.2/scripts/rt/data/unisim_comp.v:26616' bound to instance 'MUXCY_I' of component 'MUXCY' [e:/20230426/serial_IO/serial_IO.srcs/sources_1/bd/design_1/ipshared/0a2c/hdl/axi_timer_v2_0_vh_rfs.vhd:462]
INFO: [Synth 8-3491] module 'MUXCY' declared at 'C:/Xilinx/Vivado/2018.2/scripts/rt/data/unisim_comp.v:26616' bound to instance 'MUXCY_I' of component 'MUXCY' [e:/20230426/serial_IO/serial_IO.srcs/sources_1/bd/design_1/ipshared/0a2c/hdl/axi_timer_v2_0_vh_rfs.vhd:462]
INFO: [Synth 8-3491] module 'MUXCY' declared at 'C:/Xilinx/Vivado/2018.2/scripts/rt/data/unisim_comp.v:26616' bound to instance 'MUXCY_I' of component 'MUXCY' [e:/20230426/serial_IO/serial_IO.srcs/sources_1/bd/design_1/ipshared/0a2c/hdl/axi_timer_v2_0_vh_rfs.vhd:462]
INFO: [Synth 8-3491] module 'MUXCY' declared at 'C:/Xilinx/Vivado/2018.2/scripts/rt/data/unisim_comp.v:26616' bound to instance 'MUXCY_I' of component 'MUXCY' [e:/20230426/serial_IO/serial_IO.srcs/sources_1/bd/design_1/ipshared/0a2c/hdl/axi_timer_v2_0_vh_rfs.vhd:462]
INFO: [Synth 8-3491] module 'MUXCY' declared at 'C:/Xilinx/Vivado/2018.2/scripts/rt/data/unisim_comp.v:26616' bound to instance 'MUXCY_I' of component 'MUXCY' [e:/20230426/serial_IO/serial_IO.srcs/sources_1/bd/design_1/ipshared/0a2c/hdl/axi_timer_v2_0_vh_rfs.vhd:462]
INFO: [Synth 8-3491] module 'MUXCY' declared at 'C:/Xilinx/Vivado/2018.2/scripts/rt/data/unisim_comp.v:26616' bound to instance 'MUXCY_I' of component 'MUXCY' [e:/20230426/serial_IO/serial_IO.srcs/sources_1/bd/design_1/ipshared/0a2c/hdl/axi_timer_v2_0_vh_rfs.vhd:462]
INFO: [Synth 8-3491] module 'MUXCY' declared at 'C:/Xilinx/Vivado/2018.2/scripts/rt/data/unisim_comp.v:26616' bound to instance 'MUXCY_I' of component 'MUXCY' [e:/20230426/serial_IO/serial_IO.srcs/sources_1/bd/design_1/ipshared/0a2c/hdl/axi_timer_v2_0_vh_rfs.vhd:462]
INFO: [Synth 8-3491] module 'MUXCY' declared at 'C:/Xilinx/Vivado/2018.2/scripts/rt/data/unisim_comp.v:26616' bound to instance 'MUXCY_I' of component 'MUXCY' [e:/20230426/serial_IO/serial_IO.srcs/sources_1/bd/design_1/ipshared/0a2c/hdl/axi_timer_v2_0_vh_rfs.vhd:462]
INFO: [Synth 8-3491] module 'MUXCY' declared at 'C:/Xilinx/Vivado/2018.2/scripts/rt/data/unisim_comp.v:26616' bound to instance 'MUXCY_I' of component 'MUXCY' [e:/20230426/serial_IO/serial_IO.srcs/sources_1/bd/design_1/ipshared/0a2c/hdl/axi_timer_v2_0_vh_rfs.vhd:462]
INFO: [Synth 8-3491] module 'MUXCY' declared at 'C:/Xilinx/Vivado/2018.2/scripts/rt/data/unisim_comp.v:26616' bound to instance 'MUXCY_I' of component 'MUXCY' [e:/20230426/serial_IO/serial_IO.srcs/sources_1/bd/design_1/ipshared/0a2c/hdl/axi_timer_v2_0_vh_rfs.vhd:462]
INFO: [Synth 8-3491] module 'MUXCY' declared at 'C:/Xilinx/Vivado/2018.2/scripts/rt/data/unisim_comp.v:26616' bound to instance 'MUXCY_I' of component 'MUXCY' [e:/20230426/serial_IO/serial_IO.srcs/sources_1/bd/design_1/ipshared/0a2c/hdl/axi_timer_v2_0_vh_rfs.vhd:462]
INFO: [Synth 8-3491] module 'MUXCY' declared at 'C:/Xilinx/Vivado/2018.2/scripts/rt/data/unisim_comp.v:26616' bound to instance 'MUXCY_I' of component 'MUXCY' [e:/20230426/serial_IO/serial_IO.srcs/sources_1/bd/design_1/ipshared/0a2c/hdl/axi_timer_v2_0_vh_rfs.vhd:462]
INFO: [Synth 8-3491] module 'MUXCY' declared at 'C:/Xilinx/Vivado/2018.2/scripts/rt/data/unisim_comp.v:26616' bound to instance 'MUXCY_I' of component 'MUXCY' [e:/20230426/serial_IO/serial_IO.srcs/sources_1/bd/design_1/ipshared/0a2c/hdl/axi_timer_v2_0_vh_rfs.vhd:462]
INFO: [Synth 8-3491] module 'MUXCY' declared at 'C:/Xilinx/Vivado/2018.2/scripts/rt/data/unisim_comp.v:26616' bound to instance 'MUXCY_I' of component 'MUXCY' [e:/20230426/serial_IO/serial_IO.srcs/sources_1/bd/design_1/ipshared/0a2c/hdl/axi_timer_v2_0_vh_rfs.vhd:462]
INFO: [Synth 8-3491] module 'MUXCY' declared at 'C:/Xilinx/Vivado/2018.2/scripts/rt/data/unisim_comp.v:26616' bound to instance 'MUXCY_I' of component 'MUXCY' [e:/20230426/serial_IO/serial_IO.srcs/sources_1/bd/design_1/ipshared/0a2c/hdl/axi_timer_v2_0_vh_rfs.vhd:462]
INFO: [Synth 8-3491] module 'MUXCY' declared at 'C:/Xilinx/Vivado/2018.2/scripts/rt/data/unisim_comp.v:26616' bound to instance 'MUXCY_I' of component 'MUXCY' [e:/20230426/serial_IO/serial_IO.srcs/sources_1/bd/design_1/ipshared/0a2c/hdl/axi_timer_v2_0_vh_rfs.vhd:462]
INFO: [Synth 8-3491] module 'MUXCY' declared at 'C:/Xilinx/Vivado/2018.2/scripts/rt/data/unisim_comp.v:26616' bound to instance 'MUXCY_I' of component 'MUXCY' [e:/20230426/serial_IO/serial_IO.srcs/sources_1/bd/design_1/ipshared/0a2c/hdl/axi_timer_v2_0_vh_rfs.vhd:462]
INFO: [Synth 8-3491] module 'MUXCY' declared at 'C:/Xilinx/Vivado/2018.2/scripts/rt/data/unisim_comp.v:26616' bound to instance 'MUXCY_I' of component 'MUXCY' [e:/20230426/serial_IO/serial_IO.srcs/sources_1/bd/design_1/ipshared/0a2c/hdl/axi_timer_v2_0_vh_rfs.vhd:462]
INFO: [Synth 8-3491] module 'MUXCY' declared at 'C:/Xilinx/Vivado/2018.2/scripts/rt/data/unisim_comp.v:26616' bound to instance 'MUXCY_I' of component 'MUXCY' [e:/20230426/serial_IO/serial_IO.srcs/sources_1/bd/design_1/ipshared/0a2c/hdl/axi_timer_v2_0_vh_rfs.vhd:462]
INFO: [Synth 8-3491] module 'MUXCY' declared at 'C:/Xilinx/Vivado/2018.2/scripts/rt/data/unisim_comp.v:26616' bound to instance 'MUXCY_I' of component 'MUXCY' [e:/20230426/serial_IO/serial_IO.srcs/sources_1/bd/design_1/ipshared/0a2c/hdl/axi_timer_v2_0_vh_rfs.vhd:462]
INFO: [Synth 8-3491] module 'MUXCY' declared at 'C:/Xilinx/Vivado/2018.2/scripts/rt/data/unisim_comp.v:26616' bound to instance 'MUXCY_I' of component 'MUXCY' [e:/20230426/serial_IO/serial_IO.srcs/sources_1/bd/design_1/ipshared/0a2c/hdl/axi_timer_v2_0_vh_rfs.vhd:462]
INFO: [Synth 8-3491] module 'MUXCY' declared at 'C:/Xilinx/Vivado/2018.2/scripts/rt/data/unisim_comp.v:26616' bound to instance 'MUXCY_I' of component 'MUXCY' [e:/20230426/serial_IO/serial_IO.srcs/sources_1/bd/design_1/ipshared/0a2c/hdl/axi_timer_v2_0_vh_rfs.vhd:462]
INFO: [Synth 8-3491] module 'MUXCY' declared at 'C:/Xilinx/Vivado/2018.2/scripts/rt/data/unisim_comp.v:26616' bound to instance 'MUXCY_I' of component 'MUXCY' [e:/20230426/serial_IO/serial_IO.srcs/sources_1/bd/design_1/ipshared/0a2c/hdl/axi_timer_v2_0_vh_rfs.vhd:462]
INFO: [Synth 8-3491] module 'MUXCY' declared at 'C:/Xilinx/Vivado/2018.2/scripts/rt/data/unisim_comp.v:26616' bound to instance 'MUXCY_I' of component 'MUXCY' [e:/20230426/serial_IO/serial_IO.srcs/sources_1/bd/design_1/ipshared/0a2c/hdl/axi_timer_v2_0_vh_rfs.vhd:462]
INFO: [Synth 8-3491] module 'MUXCY' declared at 'C:/Xilinx/Vivado/2018.2/scripts/rt/data/unisim_comp.v:26616' bound to instance 'MUXCY_I' of component 'MUXCY' [e:/20230426/serial_IO/serial_IO.srcs/sources_1/bd/design_1/ipshared/0a2c/hdl/axi_timer_v2_0_vh_rfs.vhd:462]
INFO: [Synth 8-3491] module 'MUXCY' declared at 'C:/Xilinx/Vivado/2018.2/scripts/rt/data/unisim_comp.v:26616' bound to instance 'MUXCY_I' of component 'MUXCY' [e:/20230426/serial_IO/serial_IO.srcs/sources_1/bd/design_1/ipshared/0a2c/hdl/axi_timer_v2_0_vh_rfs.vhd:462]
INFO: [Synth 8-3491] module 'MUXCY' declared at 'C:/Xilinx/Vivado/2018.2/scripts/rt/data/unisim_comp.v:26616' bound to instance 'MUXCY_I' of component 'MUXCY' [e:/20230426/serial_IO/serial_IO.srcs/sources_1/bd/design_1/ipshared/0a2c/hdl/axi_timer_v2_0_vh_rfs.vhd:462]
INFO: [Synth 8-3491] module 'MUXCY' declared at 'C:/Xilinx/Vivado/2018.2/scripts/rt/data/unisim_comp.v:26616' bound to instance 'MUXCY_I' of component 'MUXCY' [e:/20230426/serial_IO/serial_IO.srcs/sources_1/bd/design_1/ipshared/0a2c/hdl/axi_timer_v2_0_vh_rfs.vhd:462]
INFO: [Synth 8-3491] module 'MUXCY' declared at 'C:/Xilinx/Vivado/2018.2/scripts/rt/data/unisim_comp.v:26616' bound to instance 'MUXCY_I' of component 'MUXCY' [e:/20230426/serial_IO/serial_IO.srcs/sources_1/bd/design_1/ipshared/0a2c/hdl/axi_timer_v2_0_vh_rfs.vhd:462]
INFO: [Synth 8-3491] module 'MUXCY' declared at 'C:/Xilinx/Vivado/2018.2/scripts/rt/data/unisim_comp.v:26616' bound to instance 'MUXCY_I' of component 'MUXCY' [e:/20230426/serial_IO/serial_IO.srcs/sources_1/bd/design_1/ipshared/0a2c/hdl/axi_timer_v2_0_vh_rfs.vhd:462]
INFO: [Synth 8-3491] module 'MUXCY' declared at 'C:/Xilinx/Vivado/2018.2/scripts/rt/data/unisim_comp.v:26616' bound to instance 'MUXCY_I' of component 'MUXCY' [e:/20230426/serial_IO/serial_IO.srcs/sources_1/bd/design_1/ipshared/0a2c/hdl/axi_timer_v2_0_vh_rfs.vhd:462]
INFO: [Synth 8-3491] module 'MUXCY' declared at 'C:/Xilinx/Vivado/2018.2/scripts/rt/data/unisim_comp.v:26616' bound to instance 'MUXCY_I' of component 'MUXCY' [e:/20230426/serial_IO/serial_IO.srcs/sources_1/bd/design_1/ipshared/0a2c/hdl/axi_timer_v2_0_vh_rfs.vhd:462]
INFO: [Synth 8-3491] module 'MUXCY' declared at 'C:/Xilinx/Vivado/2018.2/scripts/rt/data/unisim_comp.v:26616' bound to instance 'MUXCY_I' of component 'MUXCY' [e:/20230426/serial_IO/serial_IO.srcs/sources_1/bd/design_1/ipshared/0a2c/hdl/axi_timer_v2_0_vh_rfs.vhd:462]
INFO: [Synth 8-3491] module 'MUXCY' declared at 'C:/Xilinx/Vivado/2018.2/scripts/rt/data/unisim_comp.v:26616' bound to instance 'MUXCY_I' of component 'MUXCY' [e:/20230426/serial_IO/serial_IO.srcs/sources_1/bd/design_1/ipshared/0a2c/hdl/axi_timer_v2_0_vh_rfs.vhd:462]
INFO: [Synth 8-3491] module 'MUXCY' declared at 'C:/Xilinx/Vivado/2018.2/scripts/rt/data/unisim_comp.v:26616' bound to instance 'MUXCY_I' of component 'MUXCY' [e:/20230426/serial_IO/serial_IO.srcs/sources_1/bd/design_1/ipshared/0a2c/hdl/axi_timer_v2_0_vh_rfs.vhd:462]
INFO: [Synth 8-3491] module 'MUXCY' declared at 'C:/Xilinx/Vivado/2018.2/scripts/rt/data/unisim_comp.v:26616' bound to instance 'MUXCY_I' of component 'MUXCY' [e:/20230426/serial_IO/serial_IO.srcs/sources_1/bd/design_1/ipshared/0a2c/hdl/axi_timer_v2_0_vh_rfs.vhd:462]
INFO: [Synth 8-3491] module 'MUXCY' declared at 'C:/Xilinx/Vivado/2018.2/scripts/rt/data/unisim_comp.v:26616' bound to instance 'MUXCY_I' of component 'MUXCY' [e:/20230426/serial_IO/serial_IO.srcs/sources_1/bd/design_1/ipshared/0a2c/hdl/axi_timer_v2_0_vh_rfs.vhd:462]
INFO: [Synth 8-3491] module 'MUXCY' declared at 'C:/Xilinx/Vivado/2018.2/scripts/rt/data/unisim_comp.v:26616' bound to instance 'MUXCY_I' of component 'MUXCY' [e:/20230426/serial_IO/serial_IO.srcs/sources_1/bd/design_1/ipshared/0a2c/hdl/axi_timer_v2_0_vh_rfs.vhd:462]
INFO: [Synth 8-3491] module 'MUXCY' declared at 'C:/Xilinx/Vivado/2018.2/scripts/rt/data/unisim_comp.v:26616' bound to instance 'MUXCY_I' of component 'MUXCY' [e:/20230426/serial_IO/serial_IO.srcs/sources_1/bd/design_1/ipshared/0a2c/hdl/axi_timer_v2_0_vh_rfs.vhd:462]
INFO: [Synth 8-3491] module 'MUXCY' declared at 'C:/Xilinx/Vivado/2018.2/scripts/rt/data/unisim_comp.v:26616' bound to instance 'MUXCY_I' of component 'MUXCY' [e:/20230426/serial_IO/serial_IO.srcs/sources_1/bd/design_1/ipshared/0a2c/hdl/axi_timer_v2_0_vh_rfs.vhd:462]
INFO: [Synth 8-3491] module 'MUXCY' declared at 'C:/Xilinx/Vivado/2018.2/scripts/rt/data/unisim_comp.v:26616' bound to instance 'MUXCY_I' of component 'MUXCY' [e:/20230426/serial_IO/serial_IO.srcs/sources_1/bd/design_1/ipshared/0a2c/hdl/axi_timer_v2_0_vh_rfs.vhd:462]
INFO: [Synth 8-3491] module 'MUXCY' declared at 'C:/Xilinx/Vivado/2018.2/scripts/rt/data/unisim_comp.v:26616' bound to instance 'MUXCY_I' of component 'MUXCY' [e:/20230426/serial_IO/serial_IO.srcs/sources_1/bd/design_1/ipshared/0a2c/hdl/axi_timer_v2_0_vh_rfs.vhd:462]
INFO: [Synth 8-3491] module 'MUXCY' declared at 'C:/Xilinx/Vivado/2018.2/scripts/rt/data/unisim_comp.v:26616' bound to instance 'MUXCY_I' of component 'MUXCY' [e:/20230426/serial_IO/serial_IO.srcs/sources_1/bd/design_1/ipshared/0a2c/hdl/axi_timer_v2_0_vh_rfs.vhd:462]
INFO: [Synth 8-3491] module 'MUXCY' declared at 'C:/Xilinx/Vivado/2018.2/scripts/rt/data/unisim_comp.v:26616' bound to instance 'MUXCY_I' of component 'MUXCY' [e:/20230426/serial_IO/serial_IO.srcs/sources_1/bd/design_1/ipshared/0a2c/hdl/axi_timer_v2_0_vh_rfs.vhd:462]
INFO: [Synth 8-3491] module 'MUXCY' declared at 'C:/Xilinx/Vivado/2018.2/scripts/rt/data/unisim_comp.v:26616' bound to instance 'MUXCY_I' of component 'MUXCY' [e:/20230426/serial_IO/serial_IO.srcs/sources_1/bd/design_1/ipshared/0a2c/hdl/axi_timer_v2_0_vh_rfs.vhd:462]
INFO: [Synth 8-3491] module 'MUXCY' declared at 'C:/Xilinx/Vivado/2018.2/scripts/rt/data/unisim_comp.v:26616' bound to instance 'MUXCY_I' of component 'MUXCY' [e:/20230426/serial_IO/serial_IO.srcs/sources_1/bd/design_1/ipshared/0a2c/hdl/axi_timer_v2_0_vh_rfs.vhd:462]
INFO: [Synth 8-3491] module 'MUXCY' declared at 'C:/Xilinx/Vivado/2018.2/scripts/rt/data/unisim_comp.v:26616' bound to instance 'MUXCY_I' of component 'MUXCY' [e:/20230426/serial_IO/serial_IO.srcs/sources_1/bd/design_1/ipshared/0a2c/hdl/axi_timer_v2_0_vh_rfs.vhd:462]
INFO: [Synth 8-3491] module 'MUXCY' declared at 'C:/Xilinx/Vivado/2018.2/scripts/rt/data/unisim_comp.v:26616' bound to instance 'MUXCY_I' of component 'MUXCY' [e:/20230426/serial_IO/serial_IO.srcs/sources_1/bd/design_1/ipshared/0a2c/hdl/axi_timer_v2_0_vh_rfs.vhd:462]
INFO: [Synth 8-3491] module 'MUXCY' declared at 'C:/Xilinx/Vivado/2018.2/scripts/rt/data/unisim_comp.v:26616' bound to instance 'MUXCY_I' of component 'MUXCY' [e:/20230426/serial_IO/serial_IO.srcs/sources_1/bd/design_1/ipshared/0a2c/hdl/axi_timer_v2_0_vh_rfs.vhd:462]
INFO: [Synth 8-3491] module 'MUXCY' declared at 'C:/Xilinx/Vivado/2018.2/scripts/rt/data/unisim_comp.v:26616' bound to instance 'MUXCY_I' of component 'MUXCY' [e:/20230426/serial_IO/serial_IO.srcs/sources_1/bd/design_1/ipshared/0a2c/hdl/axi_timer_v2_0_vh_rfs.vhd:462]
INFO: [Synth 8-3491] module 'MUXCY' declared at 'C:/Xilinx/Vivado/2018.2/scripts/rt/data/unisim_comp.v:26616' bound to instance 'MUXCY_I' of component 'MUXCY' [e:/20230426/serial_IO/serial_IO.srcs/sources_1/bd/design_1/ipshared/0a2c/hdl/axi_timer_v2_0_vh_rfs.vhd:462]
INFO: [Synth 8-3491] module 'MUXCY' declared at 'C:/Xilinx/Vivado/2018.2/scripts/rt/data/unisim_comp.v:26616' bound to instance 'MUXCY_I' of component 'MUXCY' [e:/20230426/serial_IO/serial_IO.srcs/sources_1/bd/design_1/ipshared/0a2c/hdl/axi_timer_v2_0_vh_rfs.vhd:462]
INFO: [Synth 8-256] done synthesizing module 'mux_onehot_f' (2#1) [e:/20230426/serial_IO/serial_IO.srcs/sources_1/bd/design_1/ipshared/0a2c/hdl/axi_timer_v2_0_vh_rfs.vhd:365]
INFO: [Synth 8-638] synthesizing module 'count_module' [e:/20230426/serial_IO/serial_IO.srcs/sources_1/bd/design_1/ipshared/0a2c/hdl/axi_timer_v2_0_vh_rfs.vhd:1434]
	Parameter C_FAMILY bound to: artix7 - type: string 
	Parameter C_COUNT_WIDTH bound to: 32 - type: integer 
	Parameter INIT bound to: 1'b0 
	Parameter IS_C_INVERTED bound to: 1'b0 
	Parameter IS_D_INVERTED bound to: 1'b0 
	Parameter IS_R_INVERTED bound to: 1'b0 
INFO: [Synth 8-113] binding component instance 'LOAD_REG_I' to cell 'FDRE' [e:/20230426/serial_IO/serial_IO.srcs/sources_1/bd/design_1/ipshared/0a2c/hdl/axi_timer_v2_0_vh_rfs.vhd:1470]
	Parameter INIT bound to: 1'b0 
	Parameter IS_C_INVERTED bound to: 1'b0 
	Parameter IS_D_INVERTED bound to: 1'b0 
	Parameter IS_R_INVERTED bound to: 1'b0 
INFO: [Synth 8-113] binding component instance 'LOAD_REG_I' to cell 'FDRE' [e:/20230426/serial_IO/serial_IO.srcs/sources_1/bd/design_1/ipshared/0a2c/hdl/axi_timer_v2_0_vh_rfs.vhd:1470]
	Parameter INIT bound to: 1'b0 
	Parameter IS_C_INVERTED bound to: 1'b0 
	Parameter IS_D_INVERTED bound to: 1'b0 
	Parameter IS_R_INVERTED bound to: 1'b0 
INFO: [Synth 8-113] binding component instance 'LOAD_REG_I' to cell 'FDRE' [e:/20230426/serial_IO/serial_IO.srcs/sources_1/bd/design_1/ipshared/0a2c/hdl/axi_timer_v2_0_vh_rfs.vhd:1470]
	Parameter INIT bound to: 1'b0 
	Parameter IS_C_INVERTED bound to: 1'b0 
	Parameter IS_D_INVERTED bound to: 1'b0 
	Parameter IS_R_INVERTED bound to: 1'b0 
INFO: [Synth 8-113] binding component instance 'LOAD_REG_I' to cell 'FDRE' [e:/20230426/serial_IO/serial_IO.srcs/sources_1/bd/design_1/ipshared/0a2c/hdl/axi_timer_v2_0_vh_rfs.vhd:1470]
	Parameter INIT bound to: 1'b0 
	Parameter IS_C_INVERTED bound to: 1'b0 
	Parameter IS_D_INVERTED bound to: 1'b0 
	Parameter IS_R_INVERTED bound to: 1'b0 
INFO: [Synth 8-113] binding component instance 'LOAD_REG_I' to cell 'FDRE' [e:/20230426/serial_IO/serial_IO.srcs/sources_1/bd/design_1/ipshared/0a2c/hdl/axi_timer_v2_0_vh_rfs.vhd:1470]
	Parameter INIT bound to: 1'b0 
	Parameter IS_C_INVERTED bound to: 1'b0 
	Parameter IS_D_INVERTED bound to: 1'b0 
	Parameter IS_R_INVERTED bound to: 1'b0 
INFO: [Synth 8-113] binding component instance 'LOAD_REG_I' to cell 'FDRE' [e:/20230426/serial_IO/serial_IO.srcs/sources_1/bd/design_1/ipshared/0a2c/hdl/axi_timer_v2_0_vh_rfs.vhd:1470]
	Parameter INIT bound to: 1'b0 
	Parameter IS_C_INVERTED bound to: 1'b0 
	Parameter IS_D_INVERTED bound to: 1'b0 
	Parameter IS_R_INVERTED bound to: 1'b0 
INFO: [Synth 8-113] binding component instance 'LOAD_REG_I' to cell 'FDRE' [e:/20230426/serial_IO/serial_IO.srcs/sources_1/bd/design_1/ipshared/0a2c/hdl/axi_timer_v2_0_vh_rfs.vhd:1470]
	Parameter INIT bound to: 1'b0 
	Parameter IS_C_INVERTED bound to: 1'b0 
	Parameter IS_D_INVERTED bound to: 1'b0 
	Parameter IS_R_INVERTED bound to: 1'b0 
INFO: [Synth 8-113] binding component instance 'LOAD_REG_I' to cell 'FDRE' [e:/20230426/serial_IO/serial_IO.srcs/sources_1/bd/design_1/ipshared/0a2c/hdl/axi_timer_v2_0_vh_rfs.vhd:1470]
	Parameter INIT bound to: 1'b0 
	Parameter IS_C_INVERTED bound to: 1'b0 
	Parameter IS_D_INVERTED bound to: 1'b0 
	Parameter IS_R_INVERTED bound to: 1'b0 
INFO: [Synth 8-113] binding component instance 'LOAD_REG_I' to cell 'FDRE' [e:/20230426/serial_IO/serial_IO.srcs/sources_1/bd/design_1/ipshared/0a2c/hdl/axi_timer_v2_0_vh_rfs.vhd:1470]
	Parameter INIT bound to: 1'b0 
	Parameter IS_C_INVERTED bound to: 1'b0 
	Parameter IS_D_INVERTED bound to: 1'b0 
	Parameter IS_R_INVERTED bound to: 1'b0 
INFO: [Synth 8-113] binding component instance 'LOAD_REG_I' to cell 'FDRE' [e:/20230426/serial_IO/serial_IO.srcs/sources_1/bd/design_1/ipshared/0a2c/hdl/axi_timer_v2_0_vh_rfs.vhd:1470]
	Parameter INIT bound to: 1'b0 
	Parameter IS_C_INVERTED bound to: 1'b0 
	Parameter IS_D_INVERTED bound to: 1'b0 
	Parameter IS_R_INVERTED bound to: 1'b0 
INFO: [Synth 8-113] binding component instance 'LOAD_REG_I' to cell 'FDRE' [e:/20230426/serial_IO/serial_IO.srcs/sources_1/bd/design_1/ipshared/0a2c/hdl/axi_timer_v2_0_vh_rfs.vhd:1470]
	Parameter INIT bound to: 1'b0 
	Parameter IS_C_INVERTED bound to: 1'b0 
	Parameter IS_D_INVERTED bound to: 1'b0 
	Parameter IS_R_INVERTED bound to: 1'b0 
INFO: [Synth 8-113] binding component instance 'LOAD_REG_I' to cell 'FDRE' [e:/20230426/serial_IO/serial_IO.srcs/sources_1/bd/design_1/ipshared/0a2c/hdl/axi_timer_v2_0_vh_rfs.vhd:1470]
	Parameter INIT bound to: 1'b0 
	Parameter IS_C_INVERTED bound to: 1'b0 
	Parameter IS_D_INVERTED bound to: 1'b0 
	Parameter IS_R_INVERTED bound to: 1'b0 
INFO: [Synth 8-113] binding component instance 'LOAD_REG_I' to cell 'FDRE' [e:/20230426/serial_IO/serial_IO.srcs/sources_1/bd/design_1/ipshared/0a2c/hdl/axi_timer_v2_0_vh_rfs.vhd:1470]
	Parameter INIT bound to: 1'b0 
	Parameter IS_C_INVERTED bound to: 1'b0 
	Parameter IS_D_INVERTED bound to: 1'b0 
	Parameter IS_R_INVERTED bound to: 1'b0 
INFO: [Synth 8-113] binding component instance 'LOAD_REG_I' to cell 'FDRE' [e:/20230426/serial_IO/serial_IO.srcs/sources_1/bd/design_1/ipshared/0a2c/hdl/axi_timer_v2_0_vh_rfs.vhd:1470]
	Parameter INIT bound to: 1'b0 
	Parameter IS_C_INVERTED bound to: 1'b0 
	Parameter IS_D_INVERTED bound to: 1'b0 
	Parameter IS_R_INVERTED bound to: 1'b0 
INFO: [Synth 8-113] binding component instance 'LOAD_REG_I' to cell 'FDRE' [e:/20230426/serial_IO/serial_IO.srcs/sources_1/bd/design_1/ipshared/0a2c/hdl/axi_timer_v2_0_vh_rfs.vhd:1470]
	Parameter INIT bound to: 1'b0 
	Parameter IS_C_INVERTED bound to: 1'b0 
	Parameter IS_D_INVERTED bound to: 1'b0 
	Parameter IS_R_INVERTED bound to: 1'b0 
INFO: [Synth 8-113] binding component instance 'LOAD_REG_I' to cell 'FDRE' [e:/20230426/serial_IO/serial_IO.srcs/sources_1/bd/design_1/ipshared/0a2c/hdl/axi_timer_v2_0_vh_rfs.vhd:1470]
	Parameter INIT bound to: 1'b0 
	Parameter IS_C_INVERTED bound to: 1'b0 
	Parameter IS_D_INVERTED bound to: 1'b0 
	Parameter IS_R_INVERTED bound to: 1'b0 
INFO: [Synth 8-113] binding component instance 'LOAD_REG_I' to cell 'FDRE' [e:/20230426/serial_IO/serial_IO.srcs/sources_1/bd/design_1/ipshared/0a2c/hdl/axi_timer_v2_0_vh_rfs.vhd:1470]
	Parameter INIT bound to: 1'b0 
	Parameter IS_C_INVERTED bound to: 1'b0 
	Parameter IS_D_INVERTED bound to: 1'b0 
	Parameter IS_R_INVERTED bound to: 1'b0 
INFO: [Synth 8-113] binding component instance 'LOAD_REG_I' to cell 'FDRE' [e:/20230426/serial_IO/serial_IO.srcs/sources_1/bd/design_1/ipshared/0a2c/hdl/axi_timer_v2_0_vh_rfs.vhd:1470]
	Parameter INIT bound to: 1'b0 
	Parameter IS_C_INVERTED bound to: 1'b0 
	Parameter IS_D_INVERTED bound to: 1'b0 
	Parameter IS_R_INVERTED bound to: 1'b0 
INFO: [Synth 8-113] binding component instance 'LOAD_REG_I' to cell 'FDRE' [e:/20230426/serial_IO/serial_IO.srcs/sources_1/bd/design_1/ipshared/0a2c/hdl/axi_timer_v2_0_vh_rfs.vhd:1470]
	Parameter INIT bound to: 1'b0 
	Parameter IS_C_INVERTED bound to: 1'b0 
	Parameter IS_D_INVERTED bound to: 1'b0 
	Parameter IS_R_INVERTED bound to: 1'b0 
INFO: [Synth 8-113] binding component instance 'LOAD_REG_I' to cell 'FDRE' [e:/20230426/serial_IO/serial_IO.srcs/sources_1/bd/design_1/ipshared/0a2c/hdl/axi_timer_v2_0_vh_rfs.vhd:1470]
	Parameter INIT bound to: 1'b0 
	Parameter IS_C_INVERTED bound to: 1'b0 
	Parameter IS_D_INVERTED bound to: 1'b0 
	Parameter IS_R_INVERTED bound to: 1'b0 
INFO: [Synth 8-113] binding component instance 'LOAD_REG_I' to cell 'FDRE' [e:/20230426/serial_IO/serial_IO.srcs/sources_1/bd/design_1/ipshared/0a2c/hdl/axi_timer_v2_0_vh_rfs.vhd:1470]
	Parameter INIT bound to: 1'b0 
	Parameter IS_C_INVERTED bound to: 1'b0 
	Parameter IS_D_INVERTED bound to: 1'b0 
	Parameter IS_R_INVERTED bound to: 1'b0 
INFO: [Synth 8-113] binding component instance 'LOAD_REG_I' to cell 'FDRE' [e:/20230426/serial_IO/serial_IO.srcs/sources_1/bd/design_1/ipshared/0a2c/hdl/axi_timer_v2_0_vh_rfs.vhd:1470]
	Parameter INIT bound to: 1'b0 
	Parameter IS_C_INVERTED bound to: 1'b0 
	Parameter IS_D_INVERTED bound to: 1'b0 
	Parameter IS_R_INVERTED bound to: 1'b0 
INFO: [Synth 8-113] binding component instance 'LOAD_REG_I' to cell 'FDRE' [e:/20230426/serial_IO/serial_IO.srcs/sources_1/bd/design_1/ipshared/0a2c/hdl/axi_timer_v2_0_vh_rfs.vhd:1470]
	Parameter INIT bound to: 1'b0 
	Parameter IS_C_INVERTED bound to: 1'b0 
	Parameter IS_D_INVERTED bound to: 1'b0 
	Parameter IS_R_INVERTED bound to: 1'b0 
INFO: [Synth 8-113] binding component instance 'LOAD_REG_I' to cell 'FDRE' [e:/20230426/serial_IO/serial_IO.srcs/sources_1/bd/design_1/ipshared/0a2c/hdl/axi_timer_v2_0_vh_rfs.vhd:1470]
	Parameter INIT bound to: 1'b0 
	Parameter IS_C_INVERTED bound to: 1'b0 
	Parameter IS_D_INVERTED bound to: 1'b0 
	Parameter IS_R_INVERTED bound to: 1'b0 
INFO: [Synth 8-113] binding component instance 'LOAD_REG_I' to cell 'FDRE' [e:/20230426/serial_IO/serial_IO.srcs/sources_1/bd/design_1/ipshared/0a2c/hdl/axi_timer_v2_0_vh_rfs.vhd:1470]
	Parameter INIT bound to: 1'b0 
	Parameter IS_C_INVERTED bound to: 1'b0 
	Parameter IS_D_INVERTED bound to: 1'b0 
	Parameter IS_R_INVERTED bound to: 1'b0 
INFO: [Synth 8-113] binding component instance 'LOAD_REG_I' to cell 'FDRE' [e:/20230426/serial_IO/serial_IO.srcs/sources_1/bd/design_1/ipshared/0a2c/hdl/axi_timer_v2_0_vh_rfs.vhd:1470]
	Parameter INIT bound to: 1'b0 
	Parameter IS_C_INVERTED bound to: 1'b0 
	Parameter IS_D_INVERTED bound to: 1'b0 
	Parameter IS_R_INVERTED bound to: 1'b0 
INFO: [Synth 8-113] binding component instance 'LOAD_REG_I' to cell 'FDRE' [e:/20230426/serial_IO/serial_IO.srcs/sources_1/bd/design_1/ipshared/0a2c/hdl/axi_timer_v2_0_vh_rfs.vhd:1470]
	Parameter INIT bound to: 1'b0 
	Parameter IS_C_INVERTED bound to: 1'b0 
	Parameter IS_D_INVERTED bound to: 1'b0 
	Parameter IS_R_INVERTED bound to: 1'b0 
INFO: [Synth 8-113] binding component instance 'LOAD_REG_I' to cell 'FDRE' [e:/20230426/serial_IO/serial_IO.srcs/sources_1/bd/design_1/ipshared/0a2c/hdl/axi_timer_v2_0_vh_rfs.vhd:1470]
	Parameter INIT bound to: 1'b0 
	Parameter IS_C_INVERTED bound to: 1'b0 
	Parameter IS_D_INVERTED bound to: 1'b0 
	Parameter IS_R_INVERTED bound to: 1'b0 
INFO: [Synth 8-113] binding component instance 'LOAD_REG_I' to cell 'FDRE' [e:/20230426/serial_IO/serial_IO.srcs/sources_1/bd/design_1/ipshared/0a2c/hdl/axi_timer_v2_0_vh_rfs.vhd:1470]
	Parameter INIT bound to: 1'b0 
	Parameter IS_C_INVERTED bound to: 1'b0 
	Parameter IS_D_INVERTED bound to: 1'b0 
	Parameter IS_R_INVERTED bound to: 1'b0 
INFO: [Synth 8-113] binding component instance 'LOAD_REG_I' to cell 'FDRE' [e:/20230426/serial_IO/serial_IO.srcs/sources_1/bd/design_1/ipshared/0a2c/hdl/axi_timer_v2_0_vh_rfs.vhd:1470]
	Parameter INIT bound to: 1'b0 
	Parameter IS_C_INVERTED bound to: 1'b0 
	Parameter IS_D_INVERTED bound to: 1'b0 
	Parameter IS_R_INVERTED bound to: 1'b0 
INFO: [Synth 8-113] binding component instance 'LOAD_REG_I' to cell 'FDRE' [e:/20230426/serial_IO/serial_IO.srcs/sources_1/bd/design_1/ipshared/0a2c/hdl/axi_timer_v2_0_vh_rfs.vhd:1470]
	Parameter INIT bound to: 1'b0 
	Parameter IS_C_INVERTED bound to: 1'b0 
	Parameter IS_D_INVERTED bound to: 1'b0 
	Parameter IS_R_INVERTED bound to: 1'b0 
INFO: [Synth 8-113] binding component instance 'LOAD_REG_I' to cell 'FDRE' [e:/20230426/serial_IO/serial_IO.srcs/sources_1/bd/design_1/ipshared/0a2c/hdl/axi_timer_v2_0_vh_rfs.vhd:1470]
INFO: [Synth 8-638] synthesizing module 'counter_f' [e:/20230426/serial_IO/serial_IO.srcs/sources_1/bd/design_1/ipshared/0a2c/hdl/axi_timer_v2_0_vh_rfs.vhd:148]
	Parameter C_NUM_BITS bound to: 32 - type: integer 
	Parameter C_FAMILY bound to: artix7 - type: string 
INFO: [Synth 8-256] done synthesizing module 'counter_f' (3#1) [e:/20230426/serial_IO/serial_IO.srcs/sources_1/bd/design_1/ipshared/0a2c/hdl/axi_timer_v2_0_vh_rfs.vhd:148]
INFO: [Synth 8-256] done synthesizing module 'count_module' (4#1) [e:/20230426/serial_IO/serial_IO.srcs/sources_1/bd/design_1/ipshared/0a2c/hdl/axi_timer_v2_0_vh_rfs.vhd:1434]
INFO: [Synth 8-638] synthesizing module 'timer_control' [e:/20230426/serial_IO/serial_IO.srcs/sources_1/bd/design_1/ipshared/0a2c/hdl/axi_timer_v2_0_vh_rfs.vhd:835]
	Parameter C_TRIG0_ASSERT bound to: 1'b1 
	Parameter C_TRIG1_ASSERT bound to: 1'b1 
	Parameter C_GEN0_ASSERT bound to: 1'b1 
	Parameter C_GEN1_ASSERT bound to: 1'b1 
	Parameter C_ARD_NUM_CE_ARRAY bound to: 32'b00000000000000000000000000001000 
	Parameter INIT bound to: 1'b0 
	Parameter IS_CE_INVERTED bound to: 1'b0 
	Parameter IS_C_INVERTED bound to: 1'b0 
	Parameter IS_D_INVERTED bound to: 1'b0 
	Parameter IS_R_INVERTED bound to: 1'b0 
	Parameter IS_S_INVERTED bound to: 1'b0 
INFO: [Synth 8-113] binding component instance 'TCSR0_FF_I' to cell 'FDRSE' [e:/20230426/serial_IO/serial_IO.srcs/sources_1/bd/design_1/ipshared/0a2c/hdl/axi_timer_v2_0_vh_rfs.vhd:917]
	Parameter INIT bound to: 1'b0 
	Parameter IS_CE_INVERTED bound to: 1'b0 
	Parameter IS_C_INVERTED bound to: 1'b0 
	Parameter IS_D_INVERTED bound to: 1'b0 
	Parameter IS_R_INVERTED bound to: 1'b0 
	Parameter IS_S_INVERTED bound to: 1'b0 
INFO: [Synth 8-113] binding component instance 'TCSR0_FF_I' to cell 'FDRSE' [e:/20230426/serial_IO/serial_IO.srcs/sources_1/bd/design_1/ipshared/0a2c/hdl/axi_timer_v2_0_vh_rfs.vhd:917]
	Parameter INIT bound to: 1'b0 
	Parameter IS_CE_INVERTED bound to: 1'b0 
	Parameter IS_C_INVERTED bound to: 1'b0 
	Parameter IS_D_INVERTED bound to: 1'b0 
	Parameter IS_R_INVERTED bound to: 1'b0 
	Parameter IS_S_INVERTED bound to: 1'b0 
INFO: [Synth 8-113] binding component instance 'TCSR0_FF_I' to cell 'FDRSE' [e:/20230426/serial_IO/serial_IO.srcs/sources_1/bd/design_1/ipshared/0a2c/hdl/axi_timer_v2_0_vh_rfs.vhd:917]
	Parameter INIT bound to: 1'b0 
	Parameter IS_CE_INVERTED bound to: 1'b0 
	Parameter IS_C_INVERTED bound to: 1'b0 
	Parameter IS_D_INVERTED bound to: 1'b0 
	Parameter IS_R_INVERTED bound to: 1'b0 
	Parameter IS_S_INVERTED bound to: 1'b0 
INFO: [Synth 8-113] binding component instance 'TCSR0_FF_I' to cell 'FDRSE' [e:/20230426/serial_IO/serial_IO.srcs/sources_1/bd/design_1/ipshared/0a2c/hdl/axi_timer_v2_0_vh_rfs.vhd:917]
	Parameter INIT bound to: 1'b0 
	Parameter IS_CE_INVERTED bound to: 1'b0 
	Parameter IS_C_INVERTED bound to: 1'b0 
	Parameter IS_D_INVERTED bound to: 1'b0 
	Parameter IS_R_INVERTED bound to: 1'b0 
	Parameter IS_S_INVERTED bound to: 1'b0 
INFO: [Synth 8-113] binding component instance 'TCSR0_FF_I' to cell 'FDRSE' [e:/20230426/serial_IO/serial_IO.srcs/sources_1/bd/design_1/ipshared/0a2c/hdl/axi_timer_v2_0_vh_rfs.vhd:917]
	Parameter INIT bound to: 1'b0 
	Parameter IS_CE_INVERTED bound to: 1'b0 
	Parameter IS_C_INVERTED bound to: 1'b0 
	Parameter IS_D_INVERTED bound to: 1'b0 
	Parameter IS_R_INVERTED bound to: 1'b0 
	Parameter IS_S_INVERTED bound to: 1'b0 
INFO: [Synth 8-113] binding component instance 'TCSR0_FF_I' to cell 'FDRSE' [e:/20230426/serial_IO/serial_IO.srcs/sources_1/bd/design_1/ipshared/0a2c/hdl/axi_timer_v2_0_vh_rfs.vhd:917]
	Parameter INIT bound to: 1'b0 
	Parameter IS_CE_INVERTED bound to: 1'b0 
	Parameter IS_C_INVERTED bound to: 1'b0 
	Parameter IS_D_INVERTED bound to: 1'b0 
	Parameter IS_R_INVERTED bound to: 1'b0 
	Parameter IS_S_INVERTED bound to: 1'b0 
INFO: [Synth 8-113] binding component instance 'TCSR0_FF_I' to cell 'FDRSE' [e:/20230426/serial_IO/serial_IO.srcs/sources_1/bd/design_1/ipshared/0a2c/hdl/axi_timer_v2_0_vh_rfs.vhd:917]
	Parameter INIT bound to: 1'b0 
	Parameter IS_CE_INVERTED bound to: 1'b0 
	Parameter IS_C_INVERTED bound to: 1'b0 
	Parameter IS_D_INVERTED bound to: 1'b0 
	Parameter IS_R_INVERTED bound to: 1'b0 
	Parameter IS_S_INVERTED bound to: 1'b0 
INFO: [Synth 8-113] binding component instance 'TCSR0_FF_I' to cell 'FDRSE' [e:/20230426/serial_IO/serial_IO.srcs/sources_1/bd/design_1/ipshared/0a2c/hdl/axi_timer_v2_0_vh_rfs.vhd:917]
	Parameter INIT bound to: 1'b0 
	Parameter IS_CE_INVERTED bound to: 1'b0 
	Parameter IS_C_INVERTED bound to: 1'b0 
	Parameter IS_D_INVERTED bound to: 1'b0 
	Parameter IS_R_INVERTED bound to: 1'b0 
	Parameter IS_S_INVERTED bound to: 1'b0 
INFO: [Synth 8-113] binding component instance 'TCSR0_FF_I' to cell 'FDRSE' [e:/20230426/serial_IO/serial_IO.srcs/sources_1/bd/design_1/ipshared/0a2c/hdl/axi_timer_v2_0_vh_rfs.vhd:917]
	Parameter INIT bound to: 1'b0 
	Parameter IS_CE_INVERTED bound to: 1'b0 
	Parameter IS_C_INVERTED bound to: 1'b0 
	Parameter IS_D_INVERTED bound to: 1'b0 
	Parameter IS_R_INVERTED bound to: 1'b0 
	Parameter IS_S_INVERTED bound to: 1'b0 
INFO: [Synth 8-113] binding component instance 'TCSR0_FF_I' to cell 'FDRSE' [e:/20230426/serial_IO/serial_IO.srcs/sources_1/bd/design_1/ipshared/0a2c/hdl/axi_timer_v2_0_vh_rfs.vhd:917]
	Parameter INIT bound to: 1'b0 
	Parameter IS_CE_INVERTED bound to: 1'b0 
	Parameter IS_C_INVERTED bound to: 1'b0 
	Parameter IS_D_INVERTED bound to: 1'b0 
	Parameter IS_R_INVERTED bound to: 1'b0 
	Parameter IS_S_INVERTED bound to: 1'b0 
INFO: [Synth 8-113] binding component instance 'TCSR0_FF_I' to cell 'FDRSE' [e:/20230426/serial_IO/serial_IO.srcs/sources_1/bd/design_1/ipshared/0a2c/hdl/axi_timer_v2_0_vh_rfs.vhd:917]
	Parameter INIT bound to: 1'b0 
	Parameter IS_CE_INVERTED bound to: 1'b0 
	Parameter IS_C_INVERTED bound to: 1'b0 
	Parameter IS_D_INVERTED bound to: 1'b0 
	Parameter IS_R_INVERTED bound to: 1'b0 
	Parameter IS_S_INVERTED bound to: 1'b0 
INFO: [Synth 8-113] binding component instance 'TCSR0_FF_I' to cell 'FDRSE' [e:/20230426/serial_IO/serial_IO.srcs/sources_1/bd/design_1/ipshared/0a2c/hdl/axi_timer_v2_0_vh_rfs.vhd:917]
	Parameter INIT bound to: 1'b0 
	Parameter IS_CE_INVERTED bound to: 1'b0 
	Parameter IS_C_INVERTED bound to: 1'b0 
	Parameter IS_D_INVERTED bound to: 1'b0 
	Parameter IS_R_INVERTED bound to: 1'b0 
	Parameter IS_S_INVERTED bound to: 1'b0 
INFO: [Synth 8-113] binding component instance 'TCSR1_FF_I' to cell 'FDRSE' [e:/20230426/serial_IO/serial_IO.srcs/sources_1/bd/design_1/ipshared/0a2c/hdl/axi_timer_v2_0_vh_rfs.vhd:998]
	Parameter INIT bound to: 1'b0 
	Parameter IS_CE_INVERTED bound to: 1'b0 
	Parameter IS_C_INVERTED bound to: 1'b0 
	Parameter IS_D_INVERTED bound to: 1'b0 
	Parameter IS_R_INVERTED bound to: 1'b0 
	Parameter IS_S_INVERTED bound to: 1'b0 
INFO: [Synth 8-113] binding component instance 'TCSR1_FF_I' to cell 'FDRSE' [e:/20230426/serial_IO/serial_IO.srcs/sources_1/bd/design_1/ipshared/0a2c/hdl/axi_timer_v2_0_vh_rfs.vhd:998]
	Parameter INIT bound to: 1'b0 
	Parameter IS_CE_INVERTED bound to: 1'b0 
	Parameter IS_C_INVERTED bound to: 1'b0 
	Parameter IS_D_INVERTED bound to: 1'b0 
	Parameter IS_R_INVERTED bound to: 1'b0 
	Parameter IS_S_INVERTED bound to: 1'b0 
INFO: [Synth 8-113] binding component instance 'TCSR1_FF_I' to cell 'FDRSE' [e:/20230426/serial_IO/serial_IO.srcs/sources_1/bd/design_1/ipshared/0a2c/hdl/axi_timer_v2_0_vh_rfs.vhd:998]
	Parameter INIT bound to: 1'b0 
	Parameter IS_CE_INVERTED bound to: 1'b0 
	Parameter IS_C_INVERTED bound to: 1'b0 
	Parameter IS_D_INVERTED bound to: 1'b0 
	Parameter IS_R_INVERTED bound to: 1'b0 
	Parameter IS_S_INVERTED bound to: 1'b0 
INFO: [Synth 8-113] binding component instance 'TCSR1_FF_I' to cell 'FDRSE' [e:/20230426/serial_IO/serial_IO.srcs/sources_1/bd/design_1/ipshared/0a2c/hdl/axi_timer_v2_0_vh_rfs.vhd:998]
	Parameter INIT bound to: 1'b0 
	Parameter IS_CE_INVERTED bound to: 1'b0 
	Parameter IS_C_INVERTED bound to: 1'b0 
	Parameter IS_D_INVERTED bound to: 1'b0 
	Parameter IS_R_INVERTED bound to: 1'b0 
	Parameter IS_S_INVERTED bound to: 1'b0 
INFO: [Synth 8-113] binding component instance 'TCSR1_FF_I' to cell 'FDRSE' [e:/20230426/serial_IO/serial_IO.srcs/sources_1/bd/design_1/ipshared/0a2c/hdl/axi_timer_v2_0_vh_rfs.vhd:998]
	Parameter INIT bound to: 1'b0 
	Parameter IS_CE_INVERTED bound to: 1'b0 
	Parameter IS_C_INVERTED bound to: 1'b0 
	Parameter IS_D_INVERTED bound to: 1'b0 
	Parameter IS_R_INVERTED bound to: 1'b0 
	Parameter IS_S_INVERTED bound to: 1'b0 
INFO: [Synth 8-113] binding component instance 'TCSR1_FF_I' to cell 'FDRSE' [e:/20230426/serial_IO/serial_IO.srcs/sources_1/bd/design_1/ipshared/0a2c/hdl/axi_timer_v2_0_vh_rfs.vhd:998]
	Parameter INIT bound to: 1'b0 
	Parameter IS_CE_INVERTED bound to: 1'b0 
	Parameter IS_C_INVERTED bound to: 1'b0 
	Parameter IS_D_INVERTED bound to: 1'b0 
	Parameter IS_R_INVERTED bound to: 1'b0 
	Parameter IS_S_INVERTED bound to: 1'b0 
INFO: [Synth 8-113] binding component instance 'TCSR1_FF_I' to cell 'FDRSE' [e:/20230426/serial_IO/serial_IO.srcs/sources_1/bd/design_1/ipshared/0a2c/hdl/axi_timer_v2_0_vh_rfs.vhd:998]
	Parameter INIT bound to: 1'b0 
	Parameter IS_CE_INVERTED bound to: 1'b0 
	Parameter IS_C_INVERTED bound to: 1'b0 
	Parameter IS_D_INVERTED bound to: 1'b0 
	Parameter IS_R_INVERTED bound to: 1'b0 
	Parameter IS_S_INVERTED bound to: 1'b0 
INFO: [Synth 8-113] binding component instance 'TCSR1_FF_I' to cell 'FDRSE' [e:/20230426/serial_IO/serial_IO.srcs/sources_1/bd/design_1/ipshared/0a2c/hdl/axi_timer_v2_0_vh_rfs.vhd:998]
	Parameter INIT bound to: 1'b0 
	Parameter IS_CE_INVERTED bound to: 1'b0 
	Parameter IS_C_INVERTED bound to: 1'b0 
	Parameter IS_D_INVERTED bound to: 1'b0 
	Parameter IS_R_INVERTED bound to: 1'b0 
	Parameter IS_S_INVERTED bound to: 1'b0 
INFO: [Synth 8-113] binding component instance 'TCSR1_FF_I' to cell 'FDRSE' [e:/20230426/serial_IO/serial_IO.srcs/sources_1/bd/design_1/ipshared/0a2c/hdl/axi_timer_v2_0_vh_rfs.vhd:998]
	Parameter INIT bound to: 1'b0 
	Parameter IS_CE_INVERTED bound to: 1'b0 
	Parameter IS_C_INVERTED bound to: 1'b0 
	Parameter IS_D_INVERTED bound to: 1'b0 
	Parameter IS_R_INVERTED bound to: 1'b0 
	Parameter IS_S_INVERTED bound to: 1'b0 
INFO: [Synth 8-113] binding component instance 'TCSR1_FF_I' to cell 'FDRSE' [e:/20230426/serial_IO/serial_IO.srcs/sources_1/bd/design_1/ipshared/0a2c/hdl/axi_timer_v2_0_vh_rfs.vhd:998]
	Parameter INIT bound to: 1'b0 
	Parameter IS_CE_INVERTED bound to: 1'b0 
	Parameter IS_C_INVERTED bound to: 1'b0 
	Parameter IS_D_INVERTED bound to: 1'b0 
	Parameter IS_R_INVERTED bound to: 1'b0 
	Parameter IS_S_INVERTED bound to: 1'b0 
INFO: [Synth 8-113] binding component instance 'TCSR1_FF_I' to cell 'FDRSE' [e:/20230426/serial_IO/serial_IO.srcs/sources_1/bd/design_1/ipshared/0a2c/hdl/axi_timer_v2_0_vh_rfs.vhd:998]
	Parameter INIT bound to: 1'b0 
	Parameter IS_CE_INVERTED bound to: 1'b0 
	Parameter IS_C_INVERTED bound to: 1'b0 
	Parameter IS_D_INVERTED bound to: 1'b0 
	Parameter IS_R_INVERTED bound to: 1'b0 
	Parameter IS_S_INVERTED bound to: 1'b0 
INFO: [Synth 8-113] binding component instance 'READ_DONE0_I' to cell 'FDRSE' [e:/20230426/serial_IO/serial_IO.srcs/sources_1/bd/design_1/ipshared/0a2c/hdl/axi_timer_v2_0_vh_rfs.vhd:1070]
	Parameter INIT bound to: 1'b0 
	Parameter IS_CE_INVERTED bound to: 1'b0 
	Parameter IS_C_INVERTED bound to: 1'b0 
	Parameter IS_D_INVERTED bound to: 1'b0 
	Parameter IS_R_INVERTED bound to: 1'b0 
	Parameter IS_S_INVERTED bound to: 1'b0 
INFO: [Synth 8-113] binding component instance 'READ_DONE1_I' to cell 'FDRSE' [e:/20230426/serial_IO/serial_IO.srcs/sources_1/bd/design_1/ipshared/0a2c/hdl/axi_timer_v2_0_vh_rfs.vhd:1080]
INFO: [Synth 8-638] synthesizing module 'cdc_sync' [e:/20230426/serial_IO/serial_IO.srcs/sources_1/bd/design_1/ipshared/ef1e/hdl/lib_cdc_v1_0_rfs.vhd:106]
	Parameter C_CDC_TYPE bound to: 1 - type: integer 
	Parameter C_RESET_STATE bound to: 0 - type: integer 
	Parameter C_SINGLE_BIT bound to: 1 - type: integer 
	Parameter C_FLOP_INPUT bound to: 0 - type: integer 
	Parameter C_VECTOR_WIDTH bound to: 32 - type: integer 
	Parameter C_MTBF_STAGES bound to: 4 - type: integer 
	Parameter INIT bound to: 1'b0 
INFO: [Synth 8-113] binding component instance 'CROSS_PLEVEL_IN2SCNDRY_IN_cdc_to' to cell 'FDR' [e:/20230426/serial_IO/serial_IO.srcs/sources_1/bd/design_1/ipshared/ef1e/hdl/lib_cdc_v1_0_rfs.vhd:514]
	Parameter INIT bound to: 1'b0 
INFO: [Synth 8-113] binding component instance 'CROSS_PLEVEL_IN2SCNDRY_s_level_out_d2' to cell 'FDR' [e:/20230426/serial_IO/serial_IO.srcs/sources_1/bd/design_1/ipshared/ef1e/hdl/lib_cdc_v1_0_rfs.vhd:545]
	Parameter INIT bound to: 1'b0 
INFO: [Synth 8-113] binding component instance 'CROSS_PLEVEL_IN2SCNDRY_s_level_out_d3' to cell 'FDR' [e:/20230426/serial_IO/serial_IO.srcs/sources_1/bd/design_1/ipshared/ef1e/hdl/lib_cdc_v1_0_rfs.vhd:554]
	Parameter INIT bound to: 1'b0 
INFO: [Synth 8-113] binding component instance 'CROSS_PLEVEL_IN2SCNDRY_s_level_out_d4' to cell 'FDR' [e:/20230426/serial_IO/serial_IO.srcs/sources_1/bd/design_1/ipshared/ef1e/hdl/lib_cdc_v1_0_rfs.vhd:564]
	Parameter INIT bound to: 1'b0 
INFO: [Synth 8-113] binding component instance 'CROSS_PLEVEL_IN2SCNDRY_s_level_out_d5' to cell 'FDR' [e:/20230426/serial_IO/serial_IO.srcs/sources_1/bd/design_1/ipshared/ef1e/hdl/lib_cdc_v1_0_rfs.vhd:574]
	Parameter INIT bound to: 1'b0 
INFO: [Synth 8-113] binding component instance 'CROSS_PLEVEL_IN2SCNDRY_s_level_out_d6' to cell 'FDR' [e:/20230426/serial_IO/serial_IO.srcs/sources_1/bd/design_1/ipshared/ef1e/hdl/lib_cdc_v1_0_rfs.vhd:584]
INFO: [Synth 8-256] done synthesizing module 'cdc_sync' (5#1) [e:/20230426/serial_IO/serial_IO.srcs/sources_1/bd/design_1/ipshared/ef1e/hdl/lib_cdc_v1_0_rfs.vhd:106]
WARNING: [Synth 8-6426] Mix of Sync and Async assignments to register 'TCSR1_CE_reg' in module 'timer_control' in the same process may cause logic issues. 
 Please split the sync and async parts into different processes [e:/20230426/serial_IO/serial_IO.srcs/sources_1/bd/design_1/ipshared/0a2c/hdl/axi_timer_v2_0_vh_rfs.vhd:1002]
WARNING: [Synth 8-6426] Mix of Sync and Async assignments to register 'Count_Down_reg' in module 'timer_control' in the same process may cause logic issues. 
 Please split the sync and async parts into different processes [e:/20230426/serial_IO/serial_IO.srcs/sources_1/bd/design_1/ipshared/0a2c/hdl/axi_timer_v2_0_vh_rfs.vhd:1117]
WARNING: [Synth 8-6426] Mix of Sync and Async assignments to register 'Load_Load_Reg_reg' in module 'timer_control' in the same process may cause logic issues. 
 Please split the sync and async parts into different processes [e:/20230426/serial_IO/serial_IO.srcs/sources_1/bd/design_1/ipshared/0a2c/hdl/axi_timer_v2_0_vh_rfs.vhd:1142]
INFO: [Synth 8-256] done synthesizing module 'timer_control' (6#1) [e:/20230426/serial_IO/serial_IO.srcs/sources_1/bd/design_1/ipshared/0a2c/hdl/axi_timer_v2_0_vh_rfs.vhd:835]
	Parameter INIT bound to: 1'b0 
	Parameter IS_C_INVERTED bound to: 1'b0 
	Parameter IS_D_INVERTED bound to: 1'b0 
	Parameter IS_R_INVERTED bound to: 1'b0 
	Parameter IS_S_INVERTED bound to: 1'b0 
INFO: [Synth 8-113] binding component instance 'PWM_FF_I' to cell 'FDRS' [e:/20230426/serial_IO/serial_IO.srcs/sources_1/bd/design_1/ipshared/0a2c/hdl/axi_timer_v2_0_vh_rfs.vhd:1904]
INFO: [Synth 8-256] done synthesizing module 'tc_core' (7#1) [e:/20230426/serial_IO/serial_IO.srcs/sources_1/bd/design_1/ipshared/0a2c/hdl/axi_timer_v2_0_vh_rfs.vhd:1698]
INFO: [Synth 8-638] synthesizing module 'axi_lite_ipif' [e:/20230426/serial_IO/serial_IO.srcs/sources_1/bd/design_1/ipshared/cced/hdl/axi_lite_ipif_v3_0_vh_rfs.vhd:2948]
	Parameter C_S_AXI_DATA_WIDTH bound to: 32 - type: integer 
	Parameter C_S_AXI_ADDR_WIDTH bound to: 5 - type: integer 
	Parameter C_S_AXI_MIN_SIZE bound to: 32'b00000000000000000000000000011111 
	Parameter C_USE_WSTRB bound to: 0 - type: integer 
	Parameter C_DPHASE_TIMEOUT bound to: 32 - type: integer 
	Parameter C_ARD_ADDR_RANGE_ARRAY bound to: 128'b00000000000000000000000000000000000000000000000000000000000000000000000000000000000000000000000000000000000000000000000000011111 
	Parameter C_ARD_NUM_CE_ARRAY bound to: 32'b00000000000000000000000000001000 
	Parameter C_FAMILY bound to: artix7 - type: string 
INFO: [Synth 8-638] synthesizing module 'slave_attachment' [e:/20230426/serial_IO/serial_IO.srcs/sources_1/bd/design_1/ipshared/cced/hdl/axi_lite_ipif_v3_0_vh_rfs.vhd:2341]
	Parameter C_ARD_ADDR_RANGE_ARRAY bound to: 128'b00000000000000000000000000000000000000000000000000000000000000000000000000000000000000000000000000000000000000000000000000011111 
	Parameter C_ARD_NUM_CE_ARRAY bound to: 32'b00000000000000000000000000001000 
	Parameter C_IPIF_ABUS_WIDTH bound to: 5 - type: integer 
	Parameter C_IPIF_DBUS_WIDTH bound to: 32 - type: integer 
	Parameter C_S_AXI_MIN_SIZE bound to: 31 - type: integer 
	Parameter C_USE_WSTRB bound to: 0 - type: integer 
	Parameter C_DPHASE_TIMEOUT bound to: 32 - type: integer 
	Parameter C_FAMILY bound to: artix7 - type: string 
INFO: [Synth 8-638] synthesizing module 'address_decoder' [e:/20230426/serial_IO/serial_IO.srcs/sources_1/bd/design_1/ipshared/cced/hdl/axi_lite_ipif_v3_0_vh_rfs.vhd:1775]
	Parameter C_BUS_AWIDTH bound to: 5 - type: integer 
	Parameter C_S_AXI_MIN_SIZE bound to: 31 - type: integer 
	Parameter C_ARD_ADDR_RANGE_ARRAY bound to: 128'b00000000000000000000000000000000000000000000000000000000000000000000000000000000000000000000000000000000000000000000000000011111 
	Parameter C_ARD_NUM_CE_ARRAY bound to: 32'b00000000000000000000000000001000 
	Parameter C_FAMILY bound to: nofamily - type: string 
INFO: [Synth 8-638] synthesizing module 'pselect_f' [e:/20230426/serial_IO/serial_IO.srcs/sources_1/bd/design_1/ipshared/cced/hdl/axi_lite_ipif_v3_0_vh_rfs.vhd:1534]
	Parameter C_AB bound to: 3 - type: integer 
	Parameter C_AW bound to: 3 - type: integer 
	Parameter C_BAR bound to: 3'b000 
	Parameter C_FAMILY bound to: nofamily - type: string 
INFO: [Synth 8-256] done synthesizing module 'pselect_f' (8#1) [e:/20230426/serial_IO/serial_IO.srcs/sources_1/bd/design_1/ipshared/cced/hdl/axi_lite_ipif_v3_0_vh_rfs.vhd:1534]
INFO: [Synth 8-638] synthesizing module 'pselect_f__parameterized0' [e:/20230426/serial_IO/serial_IO.srcs/sources_1/bd/design_1/ipshared/cced/hdl/axi_lite_ipif_v3_0_vh_rfs.vhd:1534]
	Parameter C_AB bound to: 3 - type: integer 
	Parameter C_AW bound to: 3 - type: integer 
	Parameter C_BAR bound to: 3'b001 
	Parameter C_FAMILY bound to: nofamily - type: string 
INFO: [Synth 8-256] done synthesizing module 'pselect_f__parameterized0' (8#1) [e:/20230426/serial_IO/serial_IO.srcs/sources_1/bd/design_1/ipshared/cced/hdl/axi_lite_ipif_v3_0_vh_rfs.vhd:1534]
INFO: [Synth 8-638] synthesizing module 'pselect_f__parameterized1' [e:/20230426/serial_IO/serial_IO.srcs/sources_1/bd/design_1/ipshared/cced/hdl/axi_lite_ipif_v3_0_vh_rfs.vhd:1534]
	Parameter C_AB bound to: 3 - type: integer 
	Parameter C_AW bound to: 3 - type: integer 
	Parameter C_BAR bound to: 3'b010 
	Parameter C_FAMILY bound to: nofamily - type: string 
INFO: [Synth 8-256] done synthesizing module 'pselect_f__parameterized1' (8#1) [e:/20230426/serial_IO/serial_IO.srcs/sources_1/bd/design_1/ipshared/cced/hdl/axi_lite_ipif_v3_0_vh_rfs.vhd:1534]
INFO: [Synth 8-638] synthesizing module 'pselect_f__parameterized2' [e:/20230426/serial_IO/serial_IO.srcs/sources_1/bd/design_1/ipshared/cced/hdl/axi_lite_ipif_v3_0_vh_rfs.vhd:1534]
	Parameter C_AB bound to: 3 - type: integer 
	Parameter C_AW bound to: 3 - type: integer 
	Parameter C_BAR bound to: 3'b011 
	Parameter C_FAMILY bound to: nofamily - type: string 
INFO: [Synth 8-256] done synthesizing module 'pselect_f__parameterized2' (8#1) [e:/20230426/serial_IO/serial_IO.srcs/sources_1/bd/design_1/ipshared/cced/hdl/axi_lite_ipif_v3_0_vh_rfs.vhd:1534]
INFO: [Synth 8-638] synthesizing module 'pselect_f__parameterized3' [e:/20230426/serial_IO/serial_IO.srcs/sources_1/bd/design_1/ipshared/cced/hdl/axi_lite_ipif_v3_0_vh_rfs.vhd:1534]
	Parameter C_AB bound to: 3 - type: integer 
	Parameter C_AW bound to: 3 - type: integer 
	Parameter C_BAR bound to: 3'b100 
	Parameter C_FAMILY bound to: nofamily - type: string 
INFO: [Synth 8-256] done synthesizing module 'pselect_f__parameterized3' (8#1) [e:/20230426/serial_IO/serial_IO.srcs/sources_1/bd/design_1/ipshared/cced/hdl/axi_lite_ipif_v3_0_vh_rfs.vhd:1534]
INFO: [Synth 8-638] synthesizing module 'pselect_f__parameterized4' [e:/20230426/serial_IO/serial_IO.srcs/sources_1/bd/design_1/ipshared/cced/hdl/axi_lite_ipif_v3_0_vh_rfs.vhd:1534]
	Parameter C_AB bound to: 3 - type: integer 
	Parameter C_AW bound to: 3 - type: integer 
	Parameter C_BAR bound to: 3'b101 
	Parameter C_FAMILY bound to: nofamily - type: string 
INFO: [Synth 8-256] done synthesizing module 'pselect_f__parameterized4' (8#1) [e:/20230426/serial_IO/serial_IO.srcs/sources_1/bd/design_1/ipshared/cced/hdl/axi_lite_ipif_v3_0_vh_rfs.vhd:1534]
INFO: [Synth 8-638] synthesizing module 'pselect_f__parameterized5' [e:/20230426/serial_IO/serial_IO.srcs/sources_1/bd/design_1/ipshared/cced/hdl/axi_lite_ipif_v3_0_vh_rfs.vhd:1534]
	Parameter C_AB bound to: 3 - type: integer 
	Parameter C_AW bound to: 3 - type: integer 
	Parameter C_BAR bound to: 3'b110 
	Parameter C_FAMILY bound to: nofamily - type: string 
INFO: [Synth 8-256] done synthesizing module 'pselect_f__parameterized5' (8#1) [e:/20230426/serial_IO/serial_IO.srcs/sources_1/bd/design_1/ipshared/cced/hdl/axi_lite_ipif_v3_0_vh_rfs.vhd:1534]
INFO: [Synth 8-638] synthesizing module 'pselect_f__parameterized6' [e:/20230426/serial_IO/serial_IO.srcs/sources_1/bd/design_1/ipshared/cced/hdl/axi_lite_ipif_v3_0_vh_rfs.vhd:1534]
	Parameter C_AB bound to: 3 - type: integer 
	Parameter C_AW bound to: 3 - type: integer 
	Parameter C_BAR bound to: 3'b111 
	Parameter C_FAMILY bound to: nofamily - type: string 
INFO: [Synth 8-256] done synthesizing module 'pselect_f__parameterized6' (8#1) [e:/20230426/serial_IO/serial_IO.srcs/sources_1/bd/design_1/ipshared/cced/hdl/axi_lite_ipif_v3_0_vh_rfs.vhd:1534]
INFO: [Synth 8-256] done synthesizing module 'address_decoder' (9#1) [e:/20230426/serial_IO/serial_IO.srcs/sources_1/bd/design_1/ipshared/cced/hdl/axi_lite_ipif_v3_0_vh_rfs.vhd:1775]
INFO: [Synth 8-226] default block is never used [e:/20230426/serial_IO/serial_IO.srcs/sources_1/bd/design_1/ipshared/cced/hdl/axi_lite_ipif_v3_0_vh_rfs.vhd:2550]
INFO: [Synth 8-256] done synthesizing module 'slave_attachment' (10#1) [e:/20230426/serial_IO/serial_IO.srcs/sources_1/bd/design_1/ipshared/cced/hdl/axi_lite_ipif_v3_0_vh_rfs.vhd:2341]
INFO: [Synth 8-256] done synthesizing module 'axi_lite_ipif' (11#1) [e:/20230426/serial_IO/serial_IO.srcs/sources_1/bd/design_1/ipshared/cced/hdl/axi_lite_ipif_v3_0_vh_rfs.vhd:2948]
INFO: [Synth 8-256] done synthesizing module 'axi_timer' (12#1) [e:/20230426/serial_IO/serial_IO.srcs/sources_1/bd/design_1/ipshared/0a2c/hdl/axi_timer_v2_0_vh_rfs.vhd:2141]
INFO: [Synth 8-256] done synthesizing module 'design_1_axi_timer_0_0' (13#1) [e:/20230426/serial_IO/serial_IO.srcs/sources_1/bd/design_1/ip/design_1_axi_timer_0_0/synth/design_1_axi_timer_0_0.vhd:90]
WARNING: [Synth 8-3331] design address_decoder has unconnected port Address_In_Erly[3]
WARNING: [Synth 8-3331] design address_decoder has unconnected port Address_In_Erly[4]
WARNING: [Synth 8-3331] design address_decoder has unconnected port Bus_RNW
WARNING: [Synth 8-3331] design slave_attachment has unconnected port S_AXI_WSTRB[3]
WARNING: [Synth 8-3331] design slave_attachment has unconnected port S_AXI_WSTRB[2]
WARNING: [Synth 8-3331] design slave_attachment has unconnected port S_AXI_WSTRB[1]
WARNING: [Synth 8-3331] design slave_attachment has unconnected port S_AXI_WSTRB[0]
WARNING: [Synth 8-3331] design cdc_sync has unconnected port prmry_aclk
WARNING: [Synth 8-3331] design cdc_sync has unconnected port prmry_resetn
WARNING: [Synth 8-3331] design cdc_sync has unconnected port prmry_vect_in[31]
WARNING: [Synth 8-3331] design cdc_sync has unconnected port prmry_vect_in[30]
WARNING: [Synth 8-3331] design cdc_sync has unconnected port prmry_vect_in[29]
WARNING: [Synth 8-3331] design cdc_sync has unconnected port prmry_vect_in[28]
WARNING: [Synth 8-3331] design cdc_sync has unconnected port prmry_vect_in[27]
WARNING: [Synth 8-3331] design cdc_sync has unconnected port prmry_vect_in[26]
WARNING: [Synth 8-3331] design cdc_sync has unconnected port prmry_vect_in[25]
WARNING: [Synth 8-3331] design cdc_sync has unconnected port prmry_vect_in[24]
WARNING: [Synth 8-3331] design cdc_sync has unconnected port prmry_vect_in[23]
WARNING: [Synth 8-3331] design cdc_sync has unconnected port prmry_vect_in[22]
WARNING: [Synth 8-3331] design cdc_sync has unconnected port prmry_vect_in[21]
WARNING: [Synth 8-3331] design cdc_sync has unconnected port prmry_vect_in[20]
WARNING: [Synth 8-3331] design cdc_sync has unconnected port prmry_vect_in[19]
WARNING: [Synth 8-3331] design cdc_sync has unconnected port prmry_vect_in[18]
WARNING: [Synth 8-3331] design cdc_sync has unconnected port prmry_vect_in[17]
WARNING: [Synth 8-3331] design cdc_sync has unconnected port prmry_vect_in[16]
WARNING: [Synth 8-3331] design cdc_sync has unconnected port prmry_vect_in[15]
WARNING: [Synth 8-3331] design cdc_sync has unconnected port prmry_vect_in[14]
WARNING: [Synth 8-3331] design cdc_sync has unconnected port prmry_vect_in[13]
WARNING: [Synth 8-3331] design cdc_sync has unconnected port prmry_vect_in[12]
WARNING: [Synth 8-3331] design cdc_sync has unconnected port prmry_vect_in[11]
WARNING: [Synth 8-3331] design cdc_sync has unconnected port prmry_vect_in[10]
WARNING: [Synth 8-3331] design cdc_sync has unconnected port prmry_vect_in[9]
WARNING: [Synth 8-3331] design cdc_sync has unconnected port prmry_vect_in[8]
WARNING: [Synth 8-3331] design cdc_sync has unconnected port prmry_vect_in[7]
WARNING: [Synth 8-3331] design cdc_sync has unconnected port prmry_vect_in[6]
WARNING: [Synth 8-3331] design cdc_sync has unconnected port prmry_vect_in[5]
WARNING: [Synth 8-3331] design cdc_sync has unconnected port prmry_vect_in[4]
WARNING: [Synth 8-3331] design cdc_sync has unconnected port prmry_vect_in[3]
WARNING: [Synth 8-3331] design cdc_sync has unconnected port prmry_vect_in[2]
WARNING: [Synth 8-3331] design cdc_sync has unconnected port prmry_vect_in[1]
WARNING: [Synth 8-3331] design cdc_sync has unconnected port prmry_vect_in[0]
WARNING: [Synth 8-3331] design cdc_sync has unconnected port scndry_resetn
WARNING: [Synth 8-3331] design timer_control has unconnected port Bus2ip_data[0]
WARNING: [Synth 8-3331] design timer_control has unconnected port Bus2ip_data[1]
WARNING: [Synth 8-3331] design timer_control has unconnected port Bus2ip_data[2]
WARNING: [Synth 8-3331] design timer_control has unconnected port Bus2ip_data[3]
WARNING: [Synth 8-3331] design timer_control has unconnected port Bus2ip_data[4]
WARNING: [Synth 8-3331] design timer_control has unconnected port Bus2ip_data[5]
WARNING: [Synth 8-3331] design timer_control has unconnected port Bus2ip_data[6]
WARNING: [Synth 8-3331] design timer_control has unconnected port Bus2ip_data[7]
WARNING: [Synth 8-3331] design timer_control has unconnected port Bus2ip_data[8]
WARNING: [Synth 8-3331] design timer_control has unconnected port Bus2ip_data[9]
WARNING: [Synth 8-3331] design timer_control has unconnected port Bus2ip_data[10]
WARNING: [Synth 8-3331] design timer_control has unconnected port Bus2ip_data[11]
WARNING: [Synth 8-3331] design timer_control has unconnected port Bus2ip_data[12]
WARNING: [Synth 8-3331] design timer_control has unconnected port Bus2ip_data[13]
WARNING: [Synth 8-3331] design timer_control has unconnected port Bus2ip_data[14]
WARNING: [Synth 8-3331] design timer_control has unconnected port Bus2ip_data[15]
WARNING: [Synth 8-3331] design timer_control has unconnected port Bus2ip_data[16]
WARNING: [Synth 8-3331] design timer_control has unconnected port Bus2ip_data[17]
WARNING: [Synth 8-3331] design timer_control has unconnected port Bus2ip_data[18]
WARNING: [Synth 8-3331] design timer_control has unconnected port Bus2ip_data[19]
WARNING: [Synth 8-3331] design timer_control has unconnected port BE[0]
WARNING: [Synth 8-3331] design timer_control has unconnected port BE[1]
WARNING: [Synth 8-3331] design timer_control has unconnected port Bus2ip_rdce[0]
WARNING: [Synth 8-3331] design timer_control has unconnected port Bus2ip_rdce[2]
WARNING: [Synth 8-3331] design timer_control has unconnected port Bus2ip_rdce[3]
WARNING: [Synth 8-3331] design timer_control has unconnected port Bus2ip_rdce[4]
WARNING: [Synth 8-3331] design timer_control has unconnected port Bus2ip_rdce[6]
WARNING: [Synth 8-3331] design timer_control has unconnected port Bus2ip_rdce[7]
WARNING: [Synth 8-3331] design timer_control has unconnected port Bus2ip_wrce[2]
WARNING: [Synth 8-3331] design timer_control has unconnected port Bus2ip_wrce[3]
WARNING: [Synth 8-3331] design timer_control has unconnected port Bus2ip_wrce[6]
WARNING: [Synth 8-3331] design timer_control has unconnected port Bus2ip_wrce[7]
WARNING: [Synth 8-3331] design tc_core has unconnected port Bus2ip_addr[0]
WARNING: [Synth 8-3331] design tc_core has unconnected port Bus2ip_addr[1]
WARNING: [Synth 8-3331] design tc_core has unconnected port Bus2ip_addr[2]
WARNING: [Synth 8-3331] design tc_core has unconnected port Bus2ip_addr[3]
WARNING: [Synth 8-3331] design tc_core has unconnected port Bus2ip_addr[4]
---------------------------------------------------------------------------------
Finished RTL Elaboration : Time (s): cpu = 00:00:01 ; elapsed = 00:00:33 . Memory (MB): peak = 508.801 ; gain = 160.297
---------------------------------------------------------------------------------

Report Check Netlist: 
+------+------------------+-------+---------+-------+------------------+
|      |Item              |Errors |Warnings |Status |Description       |
+------+------------------+-------+---------+-------+------------------+
|1     |multi_driven_nets |      0|        0|Passed |Multi driven nets |
+------+------------------+-------+---------+-------+------------------+
---------------------------------------------------------------------------------
Start Handling Custom Attributes
---------------------------------------------------------------------------------
---------------------------------------------------------------------------------
Finished Handling Custom Attributes : Time (s): cpu = 00:00:01 ; elapsed = 00:01:06 . Memory (MB): peak = 508.801 ; gain = 160.297
---------------------------------------------------------------------------------
---------------------------------------------------------------------------------
Finished RTL Optimization Phase 1 : Time (s): cpu = 00:00:01 ; elapsed = 00:01:06 . Memory (MB): peak = 508.801 ; gain = 160.297
---------------------------------------------------------------------------------
INFO: [Netlist 29-17] Analyzing 108 Unisim elements for replacement
INFO: [Netlist 29-28] Unisim Transformation completed in 0 CPU seconds
INFO: [Device 21-403] Loading part xc7a100tcsg324-1
INFO: [Project 1-570] Preparing netlist for logic optimization

Processing XDC Constraints
Initializing timing engine
Parsing XDC File [e:/20230426/serial_IO/serial_IO.srcs/sources_1/bd/design_1/ip/design_1_axi_timer_0_0/design_1_axi_timer_0_0_ooc.xdc] for cell 'U0'
Finished Parsing XDC File [e:/20230426/serial_IO/serial_IO.srcs/sources_1/bd/design_1/ip/design_1_axi_timer_0_0/design_1_axi_timer_0_0_ooc.xdc] for cell 'U0'
Parsing XDC File [e:/20230426/serial_IO/serial_IO.srcs/sources_1/bd/design_1/ip/design_1_axi_timer_0_0/design_1_axi_timer_0_0.xdc] for cell 'U0'
Finished Parsing XDC File [e:/20230426/serial_IO/serial_IO.srcs/sources_1/bd/design_1/ip/design_1_axi_timer_0_0/design_1_axi_timer_0_0.xdc] for cell 'U0'
Parsing XDC File [E:/20230426/serial_IO/serial_IO.runs/design_1_axi_timer_0_0_synth_1/dont_touch.xdc]
Finished Parsing XDC File [E:/20230426/serial_IO/serial_IO.runs/design_1_axi_timer_0_0_synth_1/dont_touch.xdc]
Completed Processing XDC Constraints

INFO: [Project 1-111] Unisim Transformation Summary:
  A total of 44 instances were transformed.
  FDR => FDRE: 18 instances
  FDRS => FDRS (FDRE, LUT2, VCC): 1 instances
  FDRSE => FDRSE (FDRE, LUT4, VCC): 25 instances

Constraint Validation Runtime : Time (s): cpu = 00:00:00 ; elapsed = 00:00:00.260 . Memory (MB): peak = 859.926 ; gain = 1.461
---------------------------------------------------------------------------------
Finished Constraint Validation : Time (s): cpu = 00:00:05 ; elapsed = 00:03:11 . Memory (MB): peak = 859.926 ; gain = 511.422
---------------------------------------------------------------------------------
---------------------------------------------------------------------------------
Start Loading Part and Timing Information
---------------------------------------------------------------------------------
Loading part: xc7a100tcsg324-1
---------------------------------------------------------------------------------
Finished Loading Part and Timing Information : Time (s): cpu = 00:00:05 ; elapsed = 00:03:11 . Memory (MB): peak = 859.926 ; gain = 511.422
---------------------------------------------------------------------------------
---------------------------------------------------------------------------------
Start Applying 'set_property' XDC Constraints
---------------------------------------------------------------------------------
Applied set_property DONT_TOUCH = true for U0. (constraint file  E:/20230426/serial_IO/serial_IO.runs/design_1_axi_timer_0_0_synth_1/dont_touch.xdc, line 9).
---------------------------------------------------------------------------------
Finished applying 'set_property' XDC Constraints : Time (s): cpu = 00:00:05 ; elapsed = 00:03:11 . Memory (MB): peak = 859.926 ; gain = 511.422
---------------------------------------------------------------------------------
INFO: [Synth 8-5818] HDL ADVISOR - The operator resource <adder> is shared. To prevent sharing consider applying a KEEP on the output of the operator [e:/20230426/serial_IO/serial_IO.srcs/sources_1/bd/design_1/ipshared/0a2c/hdl/axi_timer_v2_0_vh_rfs.vhd:176]
INFO: [Synth 8-802] inferred FSM for state register 'state_reg' in module 'slave_attachment'
INFO: [Synth 8-5544] ROM "s_axi_rresp_i" won't be mapped to Block RAM because address size (2) smaller than threshold (5)
INFO: [Synth 8-5544] ROM "s_axi_rresp_i" won't be mapped to Block RAM because address size (2) smaller than threshold (5)
INFO: [Synth 8-5544] ROM "s_axi_bresp_i" won't be mapped to Block RAM because address size (2) smaller than threshold (5)
INFO: [Synth 8-5544] ROM "s_axi_bresp_i" won't be mapped to Block RAM because address size (2) smaller than threshold (5)
INFO: [Synth 8-5544] ROM "state" won't be mapped to Block RAM because address size (1) smaller than threshold (5)
INFO: [Synth 8-5544] ROM "state" won't be mapped to Block RAM because address size (1) smaller than threshold (5)
INFO: [Synth 8-5544] ROM "state" won't be mapped to Block RAM because address size (1) smaller than threshold (5)
INFO: [Synth 8-5544] ROM "state" won't be mapped to Block RAM because address size (1) smaller than threshold (5)
---------------------------------------------------------------------------------------------------
                   State |                     New Encoding |                Previous Encoding 
---------------------------------------------------------------------------------------------------
                 iSTATE2 |                             0001 |                               00
                  iSTATE |                             0010 |                               01
                 iSTATE0 |                             0100 |                               10
                 iSTATE1 |                             1000 |                               11
---------------------------------------------------------------------------------------------------
INFO: [Synth 8-3354] encoded FSM with state register 'state_reg' using encoding 'one-hot' in module 'slave_attachment'
---------------------------------------------------------------------------------
Finished RTL Optimization Phase 2 : Time (s): cpu = 00:00:05 ; elapsed = 00:03:41 . Memory (MB): peak = 859.926 ; gain = 511.422
---------------------------------------------------------------------------------

Report RTL Partitions: 
+-+--------------+------------+----------+
| |RTL Partition |Replication |Instances |
+-+--------------+------------+----------+
+-+--------------+------------+----------+
---------------------------------------------------------------------------------
Start RTL Component Statistics 
---------------------------------------------------------------------------------
Detailed RTL Component Info : 
+---Adders : 
	   2 Input     33 Bit       Adders := 2     
	   2 Input      6 Bit       Adders := 1     
+---Registers : 
	               33 Bit    Registers := 2     
	               32 Bit    Registers := 1     
	                6 Bit    Registers := 1     
	                5 Bit    Registers := 1     
	                2 Bit    Registers := 4     
	                1 Bit    Registers := 29    
+---Muxes : 
	   3 Input     33 Bit        Muxes := 2     
	   2 Input     33 Bit        Muxes := 2     
	   2 Input     32 Bit        Muxes := 2     
	   2 Input     12 Bit        Muxes := 1     
	   2 Input     11 Bit        Muxes := 1     
	   2 Input      9 Bit        Muxes := 3     
	   3 Input      9 Bit        Muxes := 1     
	   2 Input      5 Bit        Muxes := 1     
	   4 Input      4 Bit        Muxes := 1     
	   2 Input      4 Bit        Muxes := 5     
	   7 Input      2 Bit        Muxes := 1     
	   2 Input      2 Bit        Muxes := 2     
	   2 Input      1 Bit        Muxes := 24    
	   4 Input      1 Bit        Muxes := 3     
---------------------------------------------------------------------------------
Finished RTL Component Statistics 
---------------------------------------------------------------------------------
---------------------------------------------------------------------------------
Start RTL Hierarchical Component Statistics 
---------------------------------------------------------------------------------
Hierarchical RTL Component report 
Module counter_f 
Detailed RTL Component Info : 
+---Adders : 
	   2 Input     33 Bit       Adders := 1     
+---Registers : 
	               33 Bit    Registers := 1     
+---Muxes : 
	   3 Input     33 Bit        Muxes := 1     
	   2 Input     33 Bit        Muxes := 1     
	   2 Input      1 Bit        Muxes := 2     
Module count_module 
Detailed RTL Component Info : 
+---Muxes : 
	   2 Input     32 Bit        Muxes := 1     
Module timer_control 
Detailed RTL Component Info : 
+---Registers : 
	                2 Bit    Registers := 1     
	                1 Bit    Registers := 12    
+---Muxes : 
	   2 Input     12 Bit        Muxes := 1     
	   2 Input     11 Bit        Muxes := 1     
	   2 Input      9 Bit        Muxes := 3     
	   3 Input      9 Bit        Muxes := 1     
	   2 Input      1 Bit        Muxes := 8     
Module pselect_f 
Detailed RTL Component Info : 
+---Muxes : 
	   2 Input      1 Bit        Muxes := 1     
Module pselect_f__parameterized0 
Detailed RTL Component Info : 
+---Muxes : 
	   2 Input      1 Bit        Muxes := 1     
Module pselect_f__parameterized1 
Detailed RTL Component Info : 
+---Muxes : 
	   2 Input      1 Bit        Muxes := 1     
Module pselect_f__parameterized2 
Detailed RTL Component Info : 
+---Muxes : 
	   2 Input      1 Bit        Muxes := 1     
Module pselect_f__parameterized3 
Detailed RTL Component Info : 
+---Muxes : 
	   2 Input      1 Bit        Muxes := 1     
Module pselect_f__parameterized4 
Detailed RTL Component Info : 
+---Muxes : 
	   2 Input      1 Bit        Muxes := 1     
Module pselect_f__parameterized5 
Detailed RTL Component Info : 
+---Muxes : 
	   2 Input      1 Bit        Muxes := 1     
Module pselect_f__parameterized6 
Detailed RTL Component Info : 
+---Muxes : 
	   2 Input      1 Bit        Muxes := 1     
Module address_decoder 
Detailed RTL Component Info : 
+---Registers : 
	                1 Bit    Registers := 10    
Module slave_attachment 
Detailed RTL Component Info : 
+---Adders : 
	   2 Input      6 Bit       Adders := 1     
+---Registers : 
	               32 Bit    Registers := 1     
	                6 Bit    Registers := 1     
	                5 Bit    Registers := 1     
	                2 Bit    Registers := 3     
	                1 Bit    Registers := 7     
+---Muxes : 
	   2 Input      5 Bit        Muxes := 1     
	   4 Input      4 Bit        Muxes := 1     
	   2 Input      4 Bit        Muxes := 5     
	   7 Input      2 Bit        Muxes := 1     
	   2 Input      2 Bit        Muxes := 2     
	   2 Input      1 Bit        Muxes := 4     
	   4 Input      1 Bit        Muxes := 3     
---------------------------------------------------------------------------------
Finished RTL Hierarchical Component Statistics
---------------------------------------------------------------------------------
---------------------------------------------------------------------------------
Start Part Resource Summary
---------------------------------------------------------------------------------
Part Resources:
DSPs: 240 (col length:80)
BRAMs: 270 (col length: RAMB18 80 RAMB36 40)
---------------------------------------------------------------------------------
Finished Part Resource Summary
---------------------------------------------------------------------------------
---------------------------------------------------------------------------------
Start Cross Boundary and Area Optimization
---------------------------------------------------------------------------------
Warning: Parallel synthesis criteria is not met 
WARNING: [Synth 8-6014] Unused sequential element AXI4_LITE_I/I_SLAVE_ATTACHMENT/I_DECODER/MEM_DECODE_GEN[0].cs_out_i_reg was removed.  [e:/20230426/serial_IO/serial_IO.srcs/sources_1/bd/design_1/ipshared/cced/hdl/axi_lite_ipif_v3_0_vh_rfs.vhd:2004]
WARNING: [Synth 8-3331] design axi_timer has unconnected port s_axi_wstrb[3]
WARNING: [Synth 8-3331] design axi_timer has unconnected port s_axi_wstrb[2]
WARNING: [Synth 8-3331] design axi_timer has unconnected port s_axi_wstrb[1]
WARNING: [Synth 8-3331] design axi_timer has unconnected port s_axi_wstrb[0]
INFO: [Synth 8-3333] propagating constant 0 across sequential element (U0/\AXI4_LITE_I/I_SLAVE_ATTACHMENT/s_axi_rresp_i_reg[0] )
INFO: [Synth 8-3333] propagating constant 0 across sequential element (U0/\AXI4_LITE_I/I_SLAVE_ATTACHMENT/s_axi_rresp_i_reg[1] )
INFO: [Synth 8-3333] propagating constant 0 across sequential element (U0/\AXI4_LITE_I/I_SLAVE_ATTACHMENT/s_axi_bresp_i_reg[0] )
INFO: [Synth 8-3333] propagating constant 0 across sequential element (U0/\AXI4_LITE_I/I_SLAVE_ATTACHMENT/s_axi_bresp_i_reg[1] )
INFO: [Synth 8-3332] Sequential element (TC_CORE_I/TIMER_CONTROL_I/INPUT_DOUBLE_REGS3/GENERATE_LEVEL_P_S_CDC.SINGLE_BIT.CROSS_PLEVEL_IN2SCNDRY_s_level_out_d5) is unused and will be removed from module axi_timer.
INFO: [Synth 8-3332] Sequential element (TC_CORE_I/TIMER_CONTROL_I/INPUT_DOUBLE_REGS3/GENERATE_LEVEL_P_S_CDC.SINGLE_BIT.CROSS_PLEVEL_IN2SCNDRY_s_level_out_d6) is unused and will be removed from module axi_timer.
INFO: [Synth 8-3332] Sequential element (TC_CORE_I/TIMER_CONTROL_I/INPUT_DOUBLE_REGS/GENERATE_LEVEL_P_S_CDC.SINGLE_BIT.CROSS_PLEVEL_IN2SCNDRY_s_level_out_d5) is unused and will be removed from module axi_timer.
INFO: [Synth 8-3332] Sequential element (TC_CORE_I/TIMER_CONTROL_I/INPUT_DOUBLE_REGS/GENERATE_LEVEL_P_S_CDC.SINGLE_BIT.CROSS_PLEVEL_IN2SCNDRY_s_level_out_d6) is unused and will be removed from module axi_timer.
INFO: [Synth 8-3332] Sequential element (TC_CORE_I/TIMER_CONTROL_I/INPUT_DOUBLE_REGS2/GENERATE_LEVEL_P_S_CDC.SINGLE_BIT.CROSS_PLEVEL_IN2SCNDRY_s_level_out_d5) is unused and will be removed from module axi_timer.
INFO: [Synth 8-3332] Sequential element (TC_CORE_I/TIMER_CONTROL_I/INPUT_DOUBLE_REGS2/GENERATE_LEVEL_P_S_CDC.SINGLE_BIT.CROSS_PLEVEL_IN2SCNDRY_s_level_out_d6) is unused and will be removed from module axi_timer.
INFO: [Synth 8-3332] Sequential element (AXI4_LITE_I/I_SLAVE_ATTACHMENT/s_axi_bresp_i_reg[1]) is unused and will be removed from module axi_timer.
INFO: [Synth 8-3332] Sequential element (AXI4_LITE_I/I_SLAVE_ATTACHMENT/s_axi_bresp_i_reg[0]) is unused and will be removed from module axi_timer.
INFO: [Synth 8-3332] Sequential element (AXI4_LITE_I/I_SLAVE_ATTACHMENT/s_axi_rresp_i_reg[1]) is unused and will be removed from module axi_timer.
INFO: [Synth 8-3332] Sequential element (AXI4_LITE_I/I_SLAVE_ATTACHMENT/s_axi_rresp_i_reg[0]) is unused and will be removed from module axi_timer.
INFO: [Synth 8-3332] Sequential element (AXI4_LITE_I/I_SLAVE_ATTACHMENT/bus2ip_addr_i_reg[1]) is unused and will be removed from module axi_timer.
INFO: [Synth 8-3332] Sequential element (AXI4_LITE_I/I_SLAVE_ATTACHMENT/bus2ip_addr_i_reg[0]) is unused and will be removed from module axi_timer.
---------------------------------------------------------------------------------
Finished Cross Boundary and Area Optimization : Time (s): cpu = 00:00:05 ; elapsed = 00:04:00 . Memory (MB): peak = 859.926 ; gain = 511.422
---------------------------------------------------------------------------------

Report RTL Partitions: 
+-+--------------+------------+----------+
| |RTL Partition |Replication |Instances |
+-+--------------+------------+----------+
+-+--------------+------------+----------+
---------------------------------------------------------------------------------
Start Applying XDC Timing Constraints
---------------------------------------------------------------------------------
---------------------------------------------------------------------------------
Finished Applying XDC Timing Constraints : Time (s): cpu = 00:00:09 ; elapsed = 00:04:06 . Memory (MB): peak = 859.926 ; gain = 511.422
---------------------------------------------------------------------------------
---------------------------------------------------------------------------------
Start Timing Optimization
---------------------------------------------------------------------------------
---------------------------------------------------------------------------------
Finished Timing Optimization : Time (s): cpu = 00:00:09 ; elapsed = 00:04:06 . Memory (MB): peak = 877.617 ; gain = 529.113
---------------------------------------------------------------------------------

Report RTL Partitions: 
+-+--------------+------------+----------+
| |RTL Partition |Replication |Instances |
+-+--------------+------------+----------+
+-+--------------+------------+----------+
---------------------------------------------------------------------------------
Start Technology Mapping
---------------------------------------------------------------------------------
---------------------------------------------------------------------------------
Finished Technology Mapping : Time (s): cpu = 00:00:09 ; elapsed = 00:04:06 . Memory (MB): peak = 885.910 ; gain = 537.406
---------------------------------------------------------------------------------

Report RTL Partitions: 
+-+--------------+------------+----------+
| |RTL Partition |Replication |Instances |
+-+--------------+------------+----------+
+-+--------------+------------+----------+
---------------------------------------------------------------------------------
Start IO Insertion
---------------------------------------------------------------------------------
---------------------------------------------------------------------------------
Start Flattening Before IO Insertion
---------------------------------------------------------------------------------
---------------------------------------------------------------------------------
Finished Flattening Before IO Insertion
---------------------------------------------------------------------------------
---------------------------------------------------------------------------------
Start Final Netlist Cleanup
---------------------------------------------------------------------------------
---------------------------------------------------------------------------------
Finished Final Netlist Cleanup
---------------------------------------------------------------------------------
---------------------------------------------------------------------------------
Finished IO Insertion : Time (s): cpu = 00:00:09 ; elapsed = 00:04:07 . Memory (MB): peak = 885.910 ; gain = 537.406
---------------------------------------------------------------------------------

Report Check Netlist: 
+------+------------------+-------+---------+-------+------------------+
|      |Item              |Errors |Warnings |Status |Description       |
+------+------------------+-------+---------+-------+------------------+
|1     |multi_driven_nets |      0|        0|Passed |Multi driven nets |
+------+------------------+-------+---------+-------+------------------+
---------------------------------------------------------------------------------
Start Renaming Generated Instances
---------------------------------------------------------------------------------
---------------------------------------------------------------------------------
Finished Renaming Generated Instances : Time (s): cpu = 00:00:09 ; elapsed = 00:04:07 . Memory (MB): peak = 885.910 ; gain = 537.406
---------------------------------------------------------------------------------

Report RTL Partitions: 
+-+--------------+------------+----------+
| |RTL Partition |Replication |Instances |
+-+--------------+------------+----------+
+-+--------------+------------+----------+
---------------------------------------------------------------------------------
Start Rebuilding User Hierarchy
---------------------------------------------------------------------------------
---------------------------------------------------------------------------------
Finished Rebuilding User Hierarchy : Time (s): cpu = 00:00:09 ; elapsed = 00:04:07 . Memory (MB): peak = 885.910 ; gain = 537.406
---------------------------------------------------------------------------------
---------------------------------------------------------------------------------
Start Renaming Generated Ports
---------------------------------------------------------------------------------
---------------------------------------------------------------------------------
Finished Renaming Generated Ports : Time (s): cpu = 00:00:09 ; elapsed = 00:04:07 . Memory (MB): peak = 885.910 ; gain = 537.406
---------------------------------------------------------------------------------
---------------------------------------------------------------------------------
Start Handling Custom Attributes
---------------------------------------------------------------------------------
---------------------------------------------------------------------------------
Finished Handling Custom Attributes : Time (s): cpu = 00:00:09 ; elapsed = 00:04:07 . Memory (MB): peak = 885.910 ; gain = 537.406
---------------------------------------------------------------------------------
---------------------------------------------------------------------------------
Start Renaming Generated Nets
---------------------------------------------------------------------------------
---------------------------------------------------------------------------------
Finished Renaming Generated Nets : Time (s): cpu = 00:00:09 ; elapsed = 00:04:07 . Memory (MB): peak = 885.910 ; gain = 537.406
---------------------------------------------------------------------------------
---------------------------------------------------------------------------------
Start Writing Synthesis Report
---------------------------------------------------------------------------------

Report BlackBoxes: 
+-+--------------+----------+
| |BlackBox name |Instances |
+-+--------------+----------+
+-+--------------+----------+

Report Cell Usage: 
+------+-------+------+
|      |Cell   |Count |
+------+-------+------+
|1     |CARRY4 |    16|
|2     |LUT1   |     6|
|3     |LUT2   |    84|
|4     |LUT3   |   103|
|5     |LUT4   |    80|
|6     |LUT5   |    19|
|7     |LUT6   |    65|
|8     |MUXCY  |    64|
|9     |FDR    |    12|
|10    |FDRE   |   231|
|11    |FDSE   |     1|
+------+-------+------+

Report Instance Areas: 
+------+--------------------------------------------------------------------------+--------------------------+------+
|      |Instance                                                                  |Module                    |Cells |
+------+--------------------------------------------------------------------------+--------------------------+------+
|1     |top                                                                       |                          |   681|
|2     |  U0                                                                      |axi_timer                 |   681|
|3     |    AXI4_LITE_I                                                           |axi_lite_ipif             |   201|
|4     |      I_SLAVE_ATTACHMENT                                                  |slave_attachment          |   201|
|5     |        I_DECODER                                                         |address_decoder           |   129|
|6     |          \MEM_DECODE_GEN[0].PER_CE_GEN[0].MULTIPLE_CES_THIS_CS_GEN.CE_I  |pselect_f                 |     1|
|7     |          \MEM_DECODE_GEN[0].PER_CE_GEN[2].MULTIPLE_CES_THIS_CS_GEN.CE_I  |pselect_f__parameterized1 |     1|
|8     |          \MEM_DECODE_GEN[0].PER_CE_GEN[4].MULTIPLE_CES_THIS_CS_GEN.CE_I  |pselect_f__parameterized3 |     1|
|9     |          \MEM_DECODE_GEN[0].PER_CE_GEN[5].MULTIPLE_CES_THIS_CS_GEN.CE_I  |pselect_f__parameterized4 |     1|
|10    |          \MEM_DECODE_GEN[0].PER_CE_GEN[6].MULTIPLE_CES_THIS_CS_GEN.CE_I  |pselect_f__parameterized5 |     1|
|11    |          \MEM_DECODE_GEN[0].PER_CE_GEN[7].MULTIPLE_CES_THIS_CS_GEN.CE_I  |pselect_f__parameterized6 |     1|
|12    |    TC_CORE_I                                                             |tc_core                   |   480|
|13    |      COUNTER_0_I                                                         |count_module              |   139|
|14    |        COUNTER_I                                                         |counter_f_3               |   107|
|15    |      \GEN_SECOND_TIMER.COUNTER_1_I                                       |count_module_0            |   172|
|16    |        COUNTER_I                                                         |counter_f                 |   140|
|17    |      READ_MUX_I                                                          |mux_onehot_f              |    64|
|18    |      TIMER_CONTROL_I                                                     |timer_control             |   104|
|19    |        INPUT_DOUBLE_REGS                                                 |cdc_sync                  |     5|
|20    |        INPUT_DOUBLE_REGS2                                                |cdc_sync_1                |     5|
|21    |        INPUT_DOUBLE_REGS3                                                |cdc_sync_2                |    13|
+------+--------------------------------------------------------------------------+--------------------------+------+
---------------------------------------------------------------------------------
Finished Writing Synthesis Report : Time (s): cpu = 00:00:09 ; elapsed = 00:04:07 . Memory (MB): peak = 885.910 ; gain = 537.406
---------------------------------------------------------------------------------
Synthesis finished with 0 errors, 0 critical warnings and 5 warnings.
Synthesis Optimization Runtime : Time (s): cpu = 00:00:05 ; elapsed = 00:02:38 . Memory (MB): peak = 885.910 ; gain = 186.281
Synthesis Optimization Complete : Time (s): cpu = 00:00:09 ; elapsed = 00:04:07 . Memory (MB): peak = 885.910 ; gain = 537.406
INFO: [Project 1-571] Translating synthesized netlist
INFO: [Netlist 29-17] Analyzing 92 Unisim elements for replacement
INFO: [Netlist 29-28] Unisim Transformation completed in 0 CPU seconds
INFO: [Project 1-570] Preparing netlist for logic optimization
INFO: [Opt 31-138] Pushed 0 inverter(s) to 0 load pin(s).
INFO: [Project 1-111] Unisim Transformation Summary:
  A total of 44 instances were transformed.
  (MUXCY,XORCY) => CARRY4: 32 instances
  FDR => FDRE: 12 instances

INFO: [Common 17-83] Releasing license: Synthesis
212 Infos, 87 Warnings, 0 Critical Warnings and 0 Errors encountered.
synth_design completed successfully
synth_design: Time (s): cpu = 00:00:11 ; elapsed = 00:04:22 . Memory (MB): peak = 885.910 ; gain = 548.633
WARNING: [Constraints 18-5210] No constraint will be written out.
INFO: [Common 17-1381] The checkpoint 'E:/20230426/serial_IO/serial_IO.runs/design_1_axi_timer_0_0_synth_1/design_1_axi_timer_0_0.dcp' has been generated.
write_checkpoint: Time (s): cpu = 00:00:00 ; elapsed = 00:00:07 . Memory (MB): peak = 885.910 ; gain = 0.000
write_vhdl: Time (s): cpu = 00:00:00 ; elapsed = 00:00:10 . Memory (MB): peak = 885.910 ; gain = 0.000
