
*** Running vivado
    with args -log design_1_wrapper.vds -m64 -product Vivado -mode batch -messageDb vivado.pb -notrace -source design_1_wrapper.tcl


****** Vivado v2018.2 (64-bit)
  **** SW Build 2258646 on Thu Jun 14 20:03:12 MDT 2018
  **** IP Build 2256618 on Thu Jun 14 22:10:49 MDT 2018
    ** Copyright 1986-2018 Xilinx, Inc. All Rights Reserved.

source design_1_wrapper.tcl -notrace
INFO: [IP_Flow 19-234] Refreshing IP repositories
INFO: [IP_Flow 19-1704] No user IP repositories specified
INFO: [IP_Flow 19-2313] Loaded Vivado IP repository 'C:/Xilinx/Vivado/2018.2/data/ip'.
Command: synth_design -top design_1_wrapper -part xc7a100tcsg324-1
Starting synth_design
Attempting to get a license for feature 'Synthesis' and/or device 'xc7a100t'
INFO: [Common 17-349] Got license for feature 'Synthesis' and/or device 'xc7a100t'
INFO: Launching helper process for spawning children vivado processes
INFO: Helper process launched with PID 11836 
---------------------------------------------------------------------------------
Starting RTL Elaboration : Time (s): cpu = 00:00:00 ; elapsed = 00:00:01 . Memory (MB): peak = 477.176 ; gain = 104.363
---------------------------------------------------------------------------------
INFO: [Synth 8-6157] synthesizing module 'design_1_wrapper' [E:/20230426/serial_IO/serial_IO.srcs/sources_1/bd/design_1/hdl/design_1_wrapper.v:12]
INFO: [Synth 8-6157] synthesizing module 'design_1' [E:/20230426/serial_IO/serial_IO.srcs/sources_1/bd/design_1/synth/design_1.v:13]
INFO: [Synth 8-6157] synthesizing module 'design_1_axi_gpio_0_0' [E:/20230426/serial_IO/serial_IO.runs/synth_1/.Xil/Vivado-13872-test11/realtime/design_1_axi_gpio_0_0_stub.v:6]
INFO: [Synth 8-6155] done synthesizing module 'design_1_axi_gpio_0_0' (1#1) [E:/20230426/serial_IO/serial_IO.runs/synth_1/.Xil/Vivado-13872-test11/realtime/design_1_axi_gpio_0_0_stub.v:6]
INFO: [Synth 8-6157] synthesizing module 'design_1_axi_intc_0_0' [E:/20230426/serial_IO/serial_IO.runs/synth_1/.Xil/Vivado-13872-test11/realtime/design_1_axi_intc_0_0_stub.v:6]
INFO: [Synth 8-6155] done synthesizing module 'design_1_axi_intc_0_0' (2#1) [E:/20230426/serial_IO/serial_IO.runs/synth_1/.Xil/Vivado-13872-test11/realtime/design_1_axi_intc_0_0_stub.v:6]
INFO: [Synth 8-6157] synthesizing module 'design_1_axi_quad_spi_0_0' [E:/20230426/serial_IO/serial_IO.runs/synth_1/.Xil/Vivado-13872-test11/realtime/design_1_axi_quad_spi_0_0_stub.v:6]
INFO: [Synth 8-6155] done synthesizing module 'design_1_axi_quad_spi_0_0' (3#1) [E:/20230426/serial_IO/serial_IO.runs/synth_1/.Xil/Vivado-13872-test11/realtime/design_1_axi_quad_spi_0_0_stub.v:6]
WARNING: [Synth 8-350] instance 'axi_quad_spi_0' of module 'design_1_axi_quad_spi_0_0' requires 33 connections, but only 28 given [E:/20230426/serial_IO/serial_IO.srcs/sources_1/bd/design_1/synth/design_1.v:272]
INFO: [Synth 8-6157] synthesizing module 'design_1_axi_timer_0_0' [E:/20230426/serial_IO/serial_IO.runs/synth_1/.Xil/Vivado-13872-test11/realtime/design_1_axi_timer_0_0_stub.v:6]
INFO: [Synth 8-6155] done synthesizing module 'design_1_axi_timer_0_0' (4#1) [E:/20230426/serial_IO/serial_IO.runs/synth_1/.Xil/Vivado-13872-test11/realtime/design_1_axi_timer_0_0_stub.v:6]
WARNING: [Synth 8-350] instance 'axi_timer_0' of module 'design_1_axi_timer_0_0' requires 26 connections, but only 23 given [E:/20230426/serial_IO/serial_IO.srcs/sources_1/bd/design_1/synth/design_1.v:301]
INFO: [Synth 8-6157] synthesizing module 'design_1_axi_uartlite_0_0' [E:/20230426/serial_IO/serial_IO.runs/synth_1/.Xil/Vivado-13872-test11/realtime/design_1_axi_uartlite_0_0_stub.v:6]
INFO: [Synth 8-6155] done synthesizing module 'design_1_axi_uartlite_0_0' (5#1) [E:/20230426/serial_IO/serial_IO.runs/synth_1/.Xil/Vivado-13872-test11/realtime/design_1_axi_uartlite_0_0_stub.v:6]
WARNING: [Synth 8-350] instance 'axi_uartlite_0' of module 'design_1_axi_uartlite_0_0' requires 22 connections, but only 21 given [E:/20230426/serial_IO/serial_IO.srcs/sources_1/bd/design_1/synth/design_1.v:325]
INFO: [Synth 8-6157] synthesizing module 'design_1_clk_wiz_1_0' [E:/20230426/serial_IO/serial_IO.runs/synth_1/.Xil/Vivado-13872-test11/realtime/design_1_clk_wiz_1_0_stub.v:5]
INFO: [Synth 8-6155] done synthesizing module 'design_1_clk_wiz_1_0' (6#1) [E:/20230426/serial_IO/serial_IO.runs/synth_1/.Xil/Vivado-13872-test11/realtime/design_1_clk_wiz_1_0_stub.v:5]
INFO: [Synth 8-6157] synthesizing module 'design_1_mdm_1_0' [E:/20230426/serial_IO/serial_IO.runs/synth_1/.Xil/Vivado-13872-test11/realtime/design_1_mdm_1_0_stub.v:6]
INFO: [Synth 8-6155] done synthesizing module 'design_1_mdm_1_0' (7#1) [E:/20230426/serial_IO/serial_IO.runs/synth_1/.Xil/Vivado-13872-test11/realtime/design_1_mdm_1_0_stub.v:6]
WARNING: [Synth 8-350] instance 'mdm_1' of module 'design_1_mdm_1_0' requires 60 connections, but only 52 given [E:/20230426/serial_IO/serial_IO.srcs/sources_1/bd/design_1/synth/design_1.v:352]
INFO: [Synth 8-6157] synthesizing module 'design_1_microblaze_0_0' [E:/20230426/serial_IO/serial_IO.runs/synth_1/.Xil/Vivado-13872-test11/realtime/design_1_microblaze_0_0_stub.v:6]
INFO: [Synth 8-6155] done synthesizing module 'design_1_microblaze_0_0' (8#1) [E:/20230426/serial_IO/serial_IO.runs/synth_1/.Xil/Vivado-13872-test11/realtime/design_1_microblaze_0_0_stub.v:6]
INFO: [Synth 8-6157] synthesizing module 'design_1_microblaze_0_axi_periph_0' [E:/20230426/serial_IO/serial_IO.srcs/sources_1/bd/design_1/synth/design_1.v:653]
INFO: [Synth 8-6157] synthesizing module 'm00_couplers_imp_8RVYHO' [E:/20230426/serial_IO/serial_IO.srcs/sources_1/bd/design_1/synth/design_1.v:1727]
INFO: [Synth 8-6155] done synthesizing module 'm00_couplers_imp_8RVYHO' (9#1) [E:/20230426/serial_IO/serial_IO.srcs/sources_1/bd/design_1/synth/design_1.v:1727]
INFO: [Synth 8-6157] synthesizing module 'm01_couplers_imp_1UTB3Y5' [E:/20230426/serial_IO/serial_IO.srcs/sources_1/bd/design_1/synth/design_1.v:1859]
INFO: [Synth 8-6155] done synthesizing module 'm01_couplers_imp_1UTB3Y5' (10#1) [E:/20230426/serial_IO/serial_IO.srcs/sources_1/bd/design_1/synth/design_1.v:1859]
INFO: [Synth 8-6157] synthesizing module 'm02_couplers_imp_7ANRHB' [E:/20230426/serial_IO/serial_IO.srcs/sources_1/bd/design_1/synth/design_1.v:1991]
INFO: [Synth 8-6155] done synthesizing module 'm02_couplers_imp_7ANRHB' (11#1) [E:/20230426/serial_IO/serial_IO.srcs/sources_1/bd/design_1/synth/design_1.v:1991]
INFO: [Synth 8-6157] synthesizing module 'm03_couplers_imp_1W07O72' [E:/20230426/serial_IO/serial_IO.srcs/sources_1/bd/design_1/synth/design_1.v:2123]
INFO: [Synth 8-6155] done synthesizing module 'm03_couplers_imp_1W07O72' (12#1) [E:/20230426/serial_IO/serial_IO.srcs/sources_1/bd/design_1/synth/design_1.v:2123]
INFO: [Synth 8-6157] synthesizing module 'm04_couplers_imp_5LX7BU' [E:/20230426/serial_IO/serial_IO.srcs/sources_1/bd/design_1/synth/design_1.v:2255]
INFO: [Synth 8-6155] done synthesizing module 'm04_couplers_imp_5LX7BU' (13#1) [E:/20230426/serial_IO/serial_IO.srcs/sources_1/bd/design_1/synth/design_1.v:2255]
INFO: [Synth 8-6157] synthesizing module 's00_couplers_imp_1RZP34U' [E:/20230426/serial_IO/serial_IO.srcs/sources_1/bd/design_1/synth/design_1.v:2621]
INFO: [Synth 8-6155] done synthesizing module 's00_couplers_imp_1RZP34U' (14#1) [E:/20230426/serial_IO/serial_IO.srcs/sources_1/bd/design_1/synth/design_1.v:2621]
INFO: [Synth 8-6157] synthesizing module 's01_couplers_imp_2REGHR' [E:/20230426/serial_IO/serial_IO.srcs/sources_1/bd/design_1/synth/design_1.v:2767]
INFO: [Synth 8-6157] synthesizing module 'design_1_auto_pc_0' [E:/20230426/serial_IO/serial_IO.runs/synth_1/.Xil/Vivado-13872-test11/realtime/design_1_auto_pc_0_stub.v:6]
INFO: [Synth 8-6155] done synthesizing module 'design_1_auto_pc_0' (15#1) [E:/20230426/serial_IO/serial_IO.runs/synth_1/.Xil/Vivado-13872-test11/realtime/design_1_auto_pc_0_stub.v:6]
INFO: [Synth 8-6155] done synthesizing module 's01_couplers_imp_2REGHR' (16#1) [E:/20230426/serial_IO/serial_IO.srcs/sources_1/bd/design_1/synth/design_1.v:2767]
INFO: [Synth 8-6157] synthesizing module 'design_1_xbar_0' [E:/20230426/serial_IO/serial_IO.runs/synth_1/.Xil/Vivado-13872-test11/realtime/design_1_xbar_0_stub.v:6]
INFO: [Synth 8-6155] done synthesizing module 'design_1_xbar_0' (17#1) [E:/20230426/serial_IO/serial_IO.runs/synth_1/.Xil/Vivado-13872-test11/realtime/design_1_xbar_0_stub.v:6]
WARNING: [Synth 8-350] instance 'xbar' of module 'design_1_xbar_0' requires 40 connections, but only 38 given [E:/20230426/serial_IO/serial_IO.srcs/sources_1/bd/design_1/synth/design_1.v:1686]
INFO: [Synth 8-6155] done synthesizing module 'design_1_microblaze_0_axi_periph_0' (18#1) [E:/20230426/serial_IO/serial_IO.srcs/sources_1/bd/design_1/synth/design_1.v:653]
INFO: [Synth 8-6157] synthesizing module 'microblaze_0_local_memory_imp_1K0VQXK' [E:/20230426/serial_IO/serial_IO.srcs/sources_1/bd/design_1/synth/design_1.v:2387]
INFO: [Synth 8-6157] synthesizing module 'design_1_dlmb_bram_if_cntlr_0' [E:/20230426/serial_IO/serial_IO.runs/synth_1/.Xil/Vivado-13872-test11/realtime/design_1_dlmb_bram_if_cntlr_0_stub.v:6]
INFO: [Synth 8-6155] done synthesizing module 'design_1_dlmb_bram_if_cntlr_0' (19#1) [E:/20230426/serial_IO/serial_IO.runs/synth_1/.Xil/Vivado-13872-test11/realtime/design_1_dlmb_bram_if_cntlr_0_stub.v:6]
INFO: [Synth 8-6157] synthesizing module 'design_1_dlmb_v10_0' [E:/20230426/serial_IO/serial_IO.runs/synth_1/.Xil/Vivado-13872-test11/realtime/design_1_dlmb_v10_0_stub.v:6]
INFO: [Synth 8-6155] done synthesizing module 'design_1_dlmb_v10_0' (20#1) [E:/20230426/serial_IO/serial_IO.runs/synth_1/.Xil/Vivado-13872-test11/realtime/design_1_dlmb_v10_0_stub.v:6]
WARNING: [Synth 8-350] instance 'dlmb_v10' of module 'design_1_dlmb_v10_0' requires 25 connections, but only 24 given [E:/20230426/serial_IO/serial_IO.srcs/sources_1/bd/design_1/synth/design_1.v:2533]
INFO: [Synth 8-6157] synthesizing module 'design_1_ilmb_bram_if_cntlr_0' [E:/20230426/serial_IO/serial_IO.runs/synth_1/.Xil/Vivado-13872-test11/realtime/design_1_ilmb_bram_if_cntlr_0_stub.v:6]
INFO: [Synth 8-6155] done synthesizing module 'design_1_ilmb_bram_if_cntlr_0' (21#1) [E:/20230426/serial_IO/serial_IO.runs/synth_1/.Xil/Vivado-13872-test11/realtime/design_1_ilmb_bram_if_cntlr_0_stub.v:6]
INFO: [Synth 8-6157] synthesizing module 'design_1_ilmb_v10_0' [E:/20230426/serial_IO/serial_IO.runs/synth_1/.Xil/Vivado-13872-test11/realtime/design_1_ilmb_v10_0_stub.v:6]
INFO: [Synth 8-6155] done synthesizing module 'design_1_ilmb_v10_0' (22#1) [E:/20230426/serial_IO/serial_IO.runs/synth_1/.Xil/Vivado-13872-test11/realtime/design_1_ilmb_v10_0_stub.v:6]
WARNING: [Synth 8-350] instance 'ilmb_v10' of module 'design_1_ilmb_v10_0' requires 25 connections, but only 24 given [E:/20230426/serial_IO/serial_IO.srcs/sources_1/bd/design_1/synth/design_1.v:2579]
INFO: [Synth 8-6157] synthesizing module 'design_1_lmb_bram_0' [E:/20230426/serial_IO/serial_IO.runs/synth_1/.Xil/Vivado-13872-test11/realtime/design_1_lmb_bram_0_stub.v:6]
INFO: [Synth 8-6155] done synthesizing module 'design_1_lmb_bram_0' (23#1) [E:/20230426/serial_IO/serial_IO.runs/synth_1/.Xil/Vivado-13872-test11/realtime/design_1_lmb_bram_0_stub.v:6]
WARNING: [Synth 8-350] instance 'lmb_bram' of module 'design_1_lmb_bram_0' requires 16 connections, but only 14 given [E:/20230426/serial_IO/serial_IO.srcs/sources_1/bd/design_1/synth/design_1.v:2604]
INFO: [Synth 8-6155] done synthesizing module 'microblaze_0_local_memory_imp_1K0VQXK' (24#1) [E:/20230426/serial_IO/serial_IO.srcs/sources_1/bd/design_1/synth/design_1.v:2387]
INFO: [Synth 8-6157] synthesizing module 'design_1_rst_clk_wiz_1_100M_0' [E:/20230426/serial_IO/serial_IO.runs/synth_1/.Xil/Vivado-13872-test11/realtime/design_1_rst_clk_wiz_1_100M_0_stub.v:6]
INFO: [Synth 8-6155] done synthesizing module 'design_1_rst_clk_wiz_1_100M_0' (25#1) [E:/20230426/serial_IO/serial_IO.runs/synth_1/.Xil/Vivado-13872-test11/realtime/design_1_rst_clk_wiz_1_100M_0_stub.v:6]
WARNING: [Synth 8-350] instance 'rst_clk_wiz_1_100M' of module 'design_1_rst_clk_wiz_1_100M_0' requires 10 connections, but only 9 given [E:/20230426/serial_IO/serial_IO.srcs/sources_1/bd/design_1/synth/design_1.v:636]
INFO: [Synth 8-6157] synthesizing module 'design_1_xlconcat_0_0' [E:/20230426/serial_IO/serial_IO.runs/synth_1/.Xil/Vivado-13872-test11/realtime/design_1_xlconcat_0_0_stub.v:6]
INFO: [Synth 8-6155] done synthesizing module 'design_1_xlconcat_0_0' (26#1) [E:/20230426/serial_IO/serial_IO.runs/synth_1/.Xil/Vivado-13872-test11/realtime/design_1_xlconcat_0_0_stub.v:6]
INFO: [Synth 8-6155] done synthesizing module 'design_1' (27#1) [E:/20230426/serial_IO/serial_IO.srcs/sources_1/bd/design_1/synth/design_1.v:13]
INFO: [Synth 8-6155] done synthesizing module 'design_1_wrapper' (28#1) [E:/20230426/serial_IO/serial_IO.srcs/sources_1/bd/design_1/hdl/design_1_wrapper.v:12]
WARNING: [Synth 8-3331] design s01_couplers_imp_2REGHR has unconnected port M_ACLK
WARNING: [Synth 8-3331] design s01_couplers_imp_2REGHR has unconnected port M_ARESETN
WARNING: [Synth 8-3331] design s00_couplers_imp_1RZP34U has unconnected port M_ACLK
WARNING: [Synth 8-3331] design s00_couplers_imp_1RZP34U has unconnected port M_ARESETN
WARNING: [Synth 8-3331] design s00_couplers_imp_1RZP34U has unconnected port S_ACLK
WARNING: [Synth 8-3331] design s00_couplers_imp_1RZP34U has unconnected port S_ARESETN
WARNING: [Synth 8-3331] design m04_couplers_imp_5LX7BU has unconnected port M_ACLK
WARNING: [Synth 8-3331] design m04_couplers_imp_5LX7BU has unconnected port M_ARESETN
WARNING: [Synth 8-3331] design m04_couplers_imp_5LX7BU has unconnected port S_ACLK
WARNING: [Synth 8-3331] design m04_couplers_imp_5LX7BU has unconnected port S_ARESETN
WARNING: [Synth 8-3331] design m03_couplers_imp_1W07O72 has unconnected port M_ACLK
WARNING: [Synth 8-3331] design m03_couplers_imp_1W07O72 has unconnected port M_ARESETN
WARNING: [Synth 8-3331] design m03_couplers_imp_1W07O72 has unconnected port S_ACLK
WARNING: [Synth 8-3331] design m03_couplers_imp_1W07O72 has unconnected port S_ARESETN
WARNING: [Synth 8-3331] design m02_couplers_imp_7ANRHB has unconnected port M_ACLK
WARNING: [Synth 8-3331] design m02_couplers_imp_7ANRHB has unconnected port M_ARESETN
WARNING: [Synth 8-3331] design m02_couplers_imp_7ANRHB has unconnected port S_ACLK
WARNING: [Synth 8-3331] design m02_couplers_imp_7ANRHB has unconnected port S_ARESETN
WARNING: [Synth 8-3331] design m01_couplers_imp_1UTB3Y5 has unconnected port M_ACLK
WARNING: [Synth 8-3331] design m01_couplers_imp_1UTB3Y5 has unconnected port M_ARESETN
WARNING: [Synth 8-3331] design m01_couplers_imp_1UTB3Y5 has unconnected port S_ACLK
WARNING: [Synth 8-3331] design m01_couplers_imp_1UTB3Y5 has unconnected port S_ARESETN
WARNING: [Synth 8-3331] design m00_couplers_imp_8RVYHO has unconnected port M_ACLK
WARNING: [Synth 8-3331] design m00_couplers_imp_8RVYHO has unconnected port M_ARESETN
WARNING: [Synth 8-3331] design m00_couplers_imp_8RVYHO has unconnected port S_ACLK
WARNING: [Synth 8-3331] design m00_couplers_imp_8RVYHO has unconnected port S_ARESETN
---------------------------------------------------------------------------------
Finished RTL Elaboration : Time (s): cpu = 00:00:01 ; elapsed = 00:00:02 . Memory (MB): peak = 532.148 ; gain = 159.336
---------------------------------------------------------------------------------

Report Check Netlist: 
+------+------------------+-------+---------+-------+------------------+
|      |Item              |Errors |Warnings |Status |Description       |
+------+------------------+-------+---------+-------+------------------+
|1     |multi_driven_nets |      0|        0|Passed |Multi driven nets |
+------+------------------+-------+---------+-------+------------------+
---------------------------------------------------------------------------------
Start Handling Custom Attributes
---------------------------------------------------------------------------------
---------------------------------------------------------------------------------
Finished Handling Custom Attributes : Time (s): cpu = 00:00:01 ; elapsed = 00:00:03 . Memory (MB): peak = 532.148 ; gain = 159.336
---------------------------------------------------------------------------------
---------------------------------------------------------------------------------
Finished RTL Optimization Phase 1 : Time (s): cpu = 00:00:01 ; elapsed = 00:00:03 . Memory (MB): peak = 532.148 ; gain = 159.336
---------------------------------------------------------------------------------
INFO: [Device 21-403] Loading part xc7a100tcsg324-1
INFO: [Project 1-570] Preparing netlist for logic optimization

Processing XDC Constraints
Initializing timing engine
Parsing XDC File [e:/20230426/serial_IO/serial_IO.srcs/sources_1/bd/design_1/ip/design_1_microblaze_0_0/design_1_microblaze_0_0/design_1_microblaze_0_0_in_context.xdc] for cell 'design_1_i/microblaze_0'
Finished Parsing XDC File [e:/20230426/serial_IO/serial_IO.srcs/sources_1/bd/design_1/ip/design_1_microblaze_0_0/design_1_microblaze_0_0/design_1_microblaze_0_0_in_context.xdc] for cell 'design_1_i/microblaze_0'
Parsing XDC File [e:/20230426/serial_IO/serial_IO.srcs/sources_1/bd/design_1/ip/design_1_mdm_1_0/design_1_mdm_1_0/design_1_mdm_1_0_in_context.xdc] for cell 'design_1_i/mdm_1'
Finished Parsing XDC File [e:/20230426/serial_IO/serial_IO.srcs/sources_1/bd/design_1/ip/design_1_mdm_1_0/design_1_mdm_1_0/design_1_mdm_1_0_in_context.xdc] for cell 'design_1_i/mdm_1'
Parsing XDC File [e:/20230426/serial_IO/serial_IO.srcs/sources_1/bd/design_1/ip/design_1_clk_wiz_1_0/design_1_clk_wiz_1_0/design_1_clk_wiz_1_0_in_context.xdc] for cell 'design_1_i/clk_wiz_1'
Finished Parsing XDC File [e:/20230426/serial_IO/serial_IO.srcs/sources_1/bd/design_1/ip/design_1_clk_wiz_1_0/design_1_clk_wiz_1_0/design_1_clk_wiz_1_0_in_context.xdc] for cell 'design_1_i/clk_wiz_1'
Parsing XDC File [e:/20230426/serial_IO/serial_IO.srcs/sources_1/bd/design_1/ip/design_1_rst_clk_wiz_1_100M_0/design_1_rst_clk_wiz_1_100M_0/design_1_rst_clk_wiz_1_100M_0_in_context.xdc] for cell 'design_1_i/rst_clk_wiz_1_100M'
Finished Parsing XDC File [e:/20230426/serial_IO/serial_IO.srcs/sources_1/bd/design_1/ip/design_1_rst_clk_wiz_1_100M_0/design_1_rst_clk_wiz_1_100M_0/design_1_rst_clk_wiz_1_100M_0_in_context.xdc] for cell 'design_1_i/rst_clk_wiz_1_100M'
Parsing XDC File [e:/20230426/serial_IO/serial_IO.srcs/sources_1/bd/design_1/ip/design_1_axi_uartlite_0_0/design_1_axi_uartlite_0_0/design_1_axi_uartlite_0_0_in_context.xdc] for cell 'design_1_i/axi_uartlite_0'
Finished Parsing XDC File [e:/20230426/serial_IO/serial_IO.srcs/sources_1/bd/design_1/ip/design_1_axi_uartlite_0_0/design_1_axi_uartlite_0_0/design_1_axi_uartlite_0_0_in_context.xdc] for cell 'design_1_i/axi_uartlite_0'
Parsing XDC File [e:/20230426/serial_IO/serial_IO.srcs/sources_1/bd/design_1/ip/design_1_axi_intc_0_0/design_1_axi_intc_0_0/design_1_axi_intc_0_0_in_context.xdc] for cell 'design_1_i/axi_intc_0'
Finished Parsing XDC File [e:/20230426/serial_IO/serial_IO.srcs/sources_1/bd/design_1/ip/design_1_axi_intc_0_0/design_1_axi_intc_0_0/design_1_axi_intc_0_0_in_context.xdc] for cell 'design_1_i/axi_intc_0'
Parsing XDC File [e:/20230426/serial_IO/serial_IO.srcs/sources_1/bd/design_1/ip/design_1_axi_quad_spi_0_0/design_1_axi_quad_spi_0_0/design_1_axi_quad_spi_0_0_in_context.xdc] for cell 'design_1_i/axi_quad_spi_0'
Finished Parsing XDC File [e:/20230426/serial_IO/serial_IO.srcs/sources_1/bd/design_1/ip/design_1_axi_quad_spi_0_0/design_1_axi_quad_spi_0_0/design_1_axi_quad_spi_0_0_in_context.xdc] for cell 'design_1_i/axi_quad_spi_0'
Parsing XDC File [e:/20230426/serial_IO/serial_IO.srcs/sources_1/bd/design_1/ip/design_1_xlconcat_0_0/design_1_xlconcat_0_0/design_1_xlconcat_0_0_in_context.xdc] for cell 'design_1_i/xlconcat_0'
Finished Parsing XDC File [e:/20230426/serial_IO/serial_IO.srcs/sources_1/bd/design_1/ip/design_1_xlconcat_0_0/design_1_xlconcat_0_0/design_1_xlconcat_0_0_in_context.xdc] for cell 'design_1_i/xlconcat_0'
Parsing XDC File [e:/20230426/serial_IO/serial_IO.srcs/sources_1/bd/design_1/ip/design_1_axi_timer_0_0/design_1_axi_timer_0_0/design_1_axi_timer_0_0_in_context.xdc] for cell 'design_1_i/axi_timer_0'
Finished Parsing XDC File [e:/20230426/serial_IO/serial_IO.srcs/sources_1/bd/design_1/ip/design_1_axi_timer_0_0/design_1_axi_timer_0_0/design_1_axi_timer_0_0_in_context.xdc] for cell 'design_1_i/axi_timer_0'
Parsing XDC File [e:/20230426/serial_IO/serial_IO.srcs/sources_1/bd/design_1/ip/design_1_xbar_0/design_1_xbar_0/design_1_xbar_0_in_context.xdc] for cell 'design_1_i/microblaze_0_axi_periph/xbar'
Finished Parsing XDC File [e:/20230426/serial_IO/serial_IO.srcs/sources_1/bd/design_1/ip/design_1_xbar_0/design_1_xbar_0/design_1_xbar_0_in_context.xdc] for cell 'design_1_i/microblaze_0_axi_periph/xbar'
Parsing XDC File [e:/20230426/serial_IO/serial_IO.srcs/sources_1/bd/design_1/ip/design_1_dlmb_v10_0/design_1_dlmb_v10_0/design_1_dlmb_v10_0_in_context.xdc] for cell 'design_1_i/microblaze_0_local_memory/dlmb_v10'
Finished Parsing XDC File [e:/20230426/serial_IO/serial_IO.srcs/sources_1/bd/design_1/ip/design_1_dlmb_v10_0/design_1_dlmb_v10_0/design_1_dlmb_v10_0_in_context.xdc] for cell 'design_1_i/microblaze_0_local_memory/dlmb_v10'
Parsing XDC File [e:/20230426/serial_IO/serial_IO.srcs/sources_1/bd/design_1/ip/design_1_ilmb_v10_0/design_1_ilmb_v10_0/design_1_dlmb_v10_0_in_context.xdc] for cell 'design_1_i/microblaze_0_local_memory/ilmb_v10'
Finished Parsing XDC File [e:/20230426/serial_IO/serial_IO.srcs/sources_1/bd/design_1/ip/design_1_ilmb_v10_0/design_1_ilmb_v10_0/design_1_dlmb_v10_0_in_context.xdc] for cell 'design_1_i/microblaze_0_local_memory/ilmb_v10'
Parsing XDC File [e:/20230426/serial_IO/serial_IO.srcs/sources_1/bd/design_1/ip/design_1_dlmb_bram_if_cntlr_0/design_1_dlmb_bram_if_cntlr_0/design_1_dlmb_bram_if_cntlr_0_in_context.xdc] for cell 'design_1_i/microblaze_0_local_memory/dlmb_bram_if_cntlr'
Finished Parsing XDC File [e:/20230426/serial_IO/serial_IO.srcs/sources_1/bd/design_1/ip/design_1_dlmb_bram_if_cntlr_0/design_1_dlmb_bram_if_cntlr_0/design_1_dlmb_bram_if_cntlr_0_in_context.xdc] for cell 'design_1_i/microblaze_0_local_memory/dlmb_bram_if_cntlr'
Parsing XDC File [e:/20230426/serial_IO/serial_IO.srcs/sources_1/bd/design_1/ip/design_1_ilmb_bram_if_cntlr_0/design_1_ilmb_bram_if_cntlr_0/design_1_ilmb_bram_if_cntlr_0_in_context.xdc] for cell 'design_1_i/microblaze_0_local_memory/ilmb_bram_if_cntlr'
Finished Parsing XDC File [e:/20230426/serial_IO/serial_IO.srcs/sources_1/bd/design_1/ip/design_1_ilmb_bram_if_cntlr_0/design_1_ilmb_bram_if_cntlr_0/design_1_ilmb_bram_if_cntlr_0_in_context.xdc] for cell 'design_1_i/microblaze_0_local_memory/ilmb_bram_if_cntlr'
Parsing XDC File [e:/20230426/serial_IO/serial_IO.srcs/sources_1/bd/design_1/ip/design_1_lmb_bram_0/design_1_lmb_bram_0/design_1_lmb_bram_0_in_context.xdc] for cell 'design_1_i/microblaze_0_local_memory/lmb_bram'
Finished Parsing XDC File [e:/20230426/serial_IO/serial_IO.srcs/sources_1/bd/design_1/ip/design_1_lmb_bram_0/design_1_lmb_bram_0/design_1_lmb_bram_0_in_context.xdc] for cell 'design_1_i/microblaze_0_local_memory/lmb_bram'
Parsing XDC File [e:/20230426/serial_IO/serial_IO.srcs/sources_1/bd/design_1/ip/design_1_axi_gpio_0_0/design_1_axi_gpio_0_0/design_1_axi_gpio_0_0_in_context.xdc] for cell 'design_1_i/axi_gpio_0'
Finished Parsing XDC File [e:/20230426/serial_IO/serial_IO.srcs/sources_1/bd/design_1/ip/design_1_axi_gpio_0_0/design_1_axi_gpio_0_0/design_1_axi_gpio_0_0_in_context.xdc] for cell 'design_1_i/axi_gpio_0'
Parsing XDC File [e:/20230426/serial_IO/serial_IO.srcs/sources_1/bd/design_1/ip/design_1_auto_pc_0/design_1_auto_pc_0/design_1_auto_pc_0_in_context.xdc] for cell 'design_1_i/microblaze_0_axi_periph/s01_couplers/auto_pc'
Finished Parsing XDC File [e:/20230426/serial_IO/serial_IO.srcs/sources_1/bd/design_1/ip/design_1_auto_pc_0/design_1_auto_pc_0/design_1_auto_pc_0_in_context.xdc] for cell 'design_1_i/microblaze_0_axi_periph/s01_couplers/auto_pc'
Parsing XDC File [E:/20230426/serial_IO/serial_IO.srcs/constrs_1/new/da.xdc]
Finished Parsing XDC File [E:/20230426/serial_IO/serial_IO.srcs/constrs_1/new/da.xdc]
INFO: [Project 1-236] Implementation specific constraints were found while reading constraint file [E:/20230426/serial_IO/serial_IO.srcs/constrs_1/new/da.xdc]. These constraints will be ignored for synthesis but will be used in implementation. Impacted constraints are listed in the file [.Xil/design_1_wrapper_propImpl.xdc].
Resolution: To avoid this warning, move constraints listed in [.Xil/design_1_wrapper_propImpl.xdc] to another XDC file and exclude this new file from synthesis with the used_in_synthesis property (File Properties dialog in GUI) and re-run elaboration/synthesis.
Parsing XDC File [E:/20230426/serial_IO/serial_IO.runs/synth_1/dont_touch.xdc]
Finished Parsing XDC File [E:/20230426/serial_IO/serial_IO.runs/synth_1/dont_touch.xdc]
Completed Processing XDC Constraints

INFO: [Project 1-111] Unisim Transformation Summary:
No Unisim elements were transformed.

Constraint Validation Runtime : Time (s): cpu = 00:00:00 ; elapsed = 00:00:00.035 . Memory (MB): peak = 853.023 ; gain = 0.000
WARNING: [Timing 38-316] Clock period '20.000' specified during out-of-context synthesis of instance 'design_1_i/axi_quad_spi_0' at clock pin 'ext_spi_clk' is different from the actual clock period '10.000', this can lead to different synthesis results.
WARNING: [Timing 38-316] Clock period '20.000' specified during out-of-context synthesis of instance 'design_1_i/microblaze_0_local_memory/lmb_bram' at clock pin 'clka' is different from the actual clock period '10.000', this can lead to different synthesis results.
---------------------------------------------------------------------------------
Finished Constraint Validation : Time (s): cpu = 00:00:05 ; elapsed = 00:00:17 . Memory (MB): peak = 853.023 ; gain = 480.211
---------------------------------------------------------------------------------
---------------------------------------------------------------------------------
Start Loading Part and Timing Information
---------------------------------------------------------------------------------
Loading part: xc7a100tcsg324-1
---------------------------------------------------------------------------------
Finished Loading Part and Timing Information : Time (s): cpu = 00:00:05 ; elapsed = 00:00:17 . Memory (MB): peak = 853.023 ; gain = 480.211
---------------------------------------------------------------------------------
---------------------------------------------------------------------------------
Start Applying 'set_property' XDC Constraints
---------------------------------------------------------------------------------
Applied set_property IO_BUFFER_TYPE = NONE for sys_clock. (constraint file  e:/20230426/serial_IO/serial_IO.srcs/sources_1/bd/design_1/ip/design_1_clk_wiz_1_0/design_1_clk_wiz_1_0/design_1_clk_wiz_1_0_in_context.xdc, line 3).
Applied set_property CLOCK_BUFFER_TYPE = NONE for sys_clock. (constraint file  e:/20230426/serial_IO/serial_IO.srcs/sources_1/bd/design_1/ip/design_1_clk_wiz_1_0/design_1_clk_wiz_1_0/design_1_clk_wiz_1_0_in_context.xdc, line 4).
Applied set_property DONT_TOUCH = true for design_1_i. (constraint file  auto generated constraint, line ).
Applied set_property DONT_TOUCH = true for design_1_i/microblaze_0. (constraint file  auto generated constraint, line ).
Applied set_property DONT_TOUCH = true for design_1_i/mdm_1. (constraint file  auto generated constraint, line ).
Applied set_property DONT_TOUCH = true for design_1_i/clk_wiz_1. (constraint file  auto generated constraint, line ).
Applied set_property DONT_TOUCH = true for design_1_i/rst_clk_wiz_1_100M. (constraint file  auto generated constraint, line ).
Applied set_property DONT_TOUCH = true for design_1_i/axi_uartlite_0. (constraint file  auto generated constraint, line ).
Applied set_property DONT_TOUCH = true for design_1_i/microblaze_0_axi_periph. (constraint file  auto generated constraint, line ).
Applied set_property DONT_TOUCH = true for design_1_i/axi_intc_0. (constraint file  auto generated constraint, line ).
Applied set_property DONT_TOUCH = true for design_1_i/axi_quad_spi_0. (constraint file  auto generated constraint, line ).
Applied set_property DONT_TOUCH = true for design_1_i/xlconcat_0. (constraint file  auto generated constraint, line ).
Applied set_property DONT_TOUCH = true for design_1_i/axi_timer_0. (constraint file  auto generated constraint, line ).
Applied set_property DONT_TOUCH = true for design_1_i/microblaze_0_axi_periph/xbar. (constraint file  auto generated constraint, line ).
Applied set_property DONT_TOUCH = true for design_1_i/microblaze_0_local_memory/dlmb_v10. (constraint file  auto generated constraint, line ).
Applied set_property DONT_TOUCH = true for design_1_i/microblaze_0_local_memory/ilmb_v10. (constraint file  auto generated constraint, line ).
Applied set_property DONT_TOUCH = true for design_1_i/microblaze_0_local_memory/dlmb_bram_if_cntlr. (constraint file  auto generated constraint, line ).
Applied set_property DONT_TOUCH = true for design_1_i/microblaze_0_local_memory/ilmb_bram_if_cntlr. (constraint file  auto generated constraint, line ).
Applied set_property DONT_TOUCH = true for design_1_i/microblaze_0_local_memory/lmb_bram. (constraint file  auto generated constraint, line ).
Applied set_property DONT_TOUCH = true for design_1_i/axi_gpio_0. (constraint file  auto generated constraint, line ).
Applied set_property DONT_TOUCH = true for design_1_i/microblaze_0_axi_periph/s01_couplers/auto_pc. (constraint file  auto generated constraint, line ).
---------------------------------------------------------------------------------
Finished applying 'set_property' XDC Constraints : Time (s): cpu = 00:00:05 ; elapsed = 00:00:17 . Memory (MB): peak = 853.023 ; gain = 480.211
---------------------------------------------------------------------------------
---------------------------------------------------------------------------------
Finished RTL Optimization Phase 2 : Time (s): cpu = 00:00:05 ; elapsed = 00:00:32 . Memory (MB): peak = 853.023 ; gain = 480.211
---------------------------------------------------------------------------------

Report RTL Partitions: 
+-+--------------+------------+----------+
| |RTL Partition |Replication |Instances |
+-+--------------+------------+----------+
+-+--------------+------------+----------+
---------------------------------------------------------------------------------
Start RTL Component Statistics 
---------------------------------------------------------------------------------
Detailed RTL Component Info : 
---------------------------------------------------------------------------------
Finished RTL Component Statistics 
---------------------------------------------------------------------------------
---------------------------------------------------------------------------------
Start RTL Hierarchical Component Statistics 
---------------------------------------------------------------------------------
Hierarchical RTL Component report 
---------------------------------------------------------------------------------
Finished RTL Hierarchical Component Statistics
---------------------------------------------------------------------------------
---------------------------------------------------------------------------------
Start Part Resource Summary
---------------------------------------------------------------------------------
Part Resources:
DSPs: 240 (col length:80)
BRAMs: 270 (col length: RAMB18 80 RAMB36 40)
---------------------------------------------------------------------------------
Finished Part Resource Summary
---------------------------------------------------------------------------------
---------------------------------------------------------------------------------
Start Cross Boundary and Area Optimization
---------------------------------------------------------------------------------
Warning: Parallel synthesis criteria is not met 
WARNING: [Synth 8-3331] design design_1_microblaze_0_axi_periph_0 has unconnected port M00_ACLK
WARNING: [Synth 8-3331] design design_1_microblaze_0_axi_periph_0 has unconnected port M00_ARESETN
WARNING: [Synth 8-3331] design design_1_microblaze_0_axi_periph_0 has unconnected port M01_ACLK
WARNING: [Synth 8-3331] design design_1_microblaze_0_axi_periph_0 has unconnected port M01_ARESETN
WARNING: [Synth 8-3331] design design_1_microblaze_0_axi_periph_0 has unconnected port M02_ACLK
WARNING: [Synth 8-3331] design design_1_microblaze_0_axi_periph_0 has unconnected port M02_ARESETN
WARNING: [Synth 8-3331] design design_1_microblaze_0_axi_periph_0 has unconnected port M03_ACLK
WARNING: [Synth 8-3331] design design_1_microblaze_0_axi_periph_0 has unconnected port M03_ARESETN
WARNING: [Synth 8-3331] design design_1_microblaze_0_axi_periph_0 has unconnected port M04_ACLK
WARNING: [Synth 8-3331] design design_1_microblaze_0_axi_periph_0 has unconnected port M04_ARESETN
WARNING: [Synth 8-3331] design design_1_microblaze_0_axi_periph_0 has unconnected port S00_ACLK
WARNING: [Synth 8-3331] design design_1_microblaze_0_axi_periph_0 has unconnected port S00_ARESETN
---------------------------------------------------------------------------------
Finished Cross Boundary and Area Optimization : Time (s): cpu = 00:00:05 ; elapsed = 00:00:43 . Memory (MB): peak = 853.023 ; gain = 480.211
---------------------------------------------------------------------------------

Report RTL Partitions: 
+-+--------------+------------+----------+
| |RTL Partition |Replication |Instances |
+-+--------------+------------+----------+
+-+--------------+------------+----------+
---------------------------------------------------------------------------------
Start Applying XDC Timing Constraints
---------------------------------------------------------------------------------
INFO: [Synth 8-5578] Moved timing constraint from pin 'design_1_i/mdm_1/Dbg_Clk_0' to pin 'design_1_i/mdm_1/bbstub_Dbg_Clk_0/O'
INFO: [Synth 8-5578] Moved timing constraint from pin 'design_1_i/mdm_1/Dbg_Update_0' to pin 'design_1_i/mdm_1/bbstub_Dbg_Update_0/O'
INFO: [Synth 8-5578] Moved timing constraint from pin 'design_1_i/clk_wiz_1/clk_out1' to pin 'design_1_i/clk_wiz_1/bbstub_clk_out1/O'
INFO: [Synth 8-5578] Moved timing constraint from pin 'design_1_i/microblaze_0_local_memory/dlmb_bram_if_cntlr/BRAM_Clk_A' to pin 'design_1_i/microblaze_0_local_memory/dlmb_bram_if_cntlr/bbstub_BRAM_Clk_A/O'
INFO: [Synth 8-5578] Moved timing constraint from pin 'design_1_i/microblaze_0_local_memory/ilmb_bram_if_cntlr/BRAM_Clk_A' to pin 'design_1_i/microblaze_0_local_memory/ilmb_bram_if_cntlr/bbstub_BRAM_Clk_A/O'
INFO: [Synth 8-5819] Moved 5 constraints on hierarchical pins to their respective driving/loading pins
---------------------------------------------------------------------------------
Finished Applying XDC Timing Constraints : Time (s): cpu = 00:00:11 ; elapsed = 00:00:53 . Memory (MB): peak = 859.879 ; gain = 487.066
---------------------------------------------------------------------------------
---------------------------------------------------------------------------------
Start Timing Optimization
---------------------------------------------------------------------------------
---------------------------------------------------------------------------------
Finished Timing Optimization : Time (s): cpu = 00:00:11 ; elapsed = 00:00:53 . Memory (MB): peak = 860.102 ; gain = 487.289
---------------------------------------------------------------------------------

Report RTL Partitions: 
+-+--------------+------------+----------+
| |RTL Partition |Replication |Instances |
+-+--------------+------------+----------+
+-+--------------+------------+----------+
---------------------------------------------------------------------------------
Start Technology Mapping
---------------------------------------------------------------------------------
---------------------------------------------------------------------------------
Finished Technology Mapping : Time (s): cpu = 00:00:11 ; elapsed = 00:00:53 . Memory (MB): peak = 861.988 ; gain = 489.176
---------------------------------------------------------------------------------

Report RTL Partitions: 
+-+--------------+------------+----------+
| |RTL Partition |Replication |Instances |
+-+--------------+------------+----------+
+-+--------------+------------+----------+
---------------------------------------------------------------------------------
Start IO Insertion
---------------------------------------------------------------------------------
---------------------------------------------------------------------------------
Start Flattening Before IO Insertion
---------------------------------------------------------------------------------
---------------------------------------------------------------------------------
Finished Flattening Before IO Insertion
---------------------------------------------------------------------------------
---------------------------------------------------------------------------------
Start Final Netlist Cleanup
---------------------------------------------------------------------------------
---------------------------------------------------------------------------------
Finished Final Netlist Cleanup
---------------------------------------------------------------------------------
---------------------------------------------------------------------------------
Finished IO Insertion : Time (s): cpu = 00:00:12 ; elapsed = 00:00:55 . Memory (MB): peak = 861.988 ; gain = 489.176
---------------------------------------------------------------------------------

Report Check Netlist: 
+------+------------------+-------+---------+-------+------------------+
|      |Item              |Errors |Warnings |Status |Description       |
+------+------------------+-------+---------+-------+------------------+
|1     |multi_driven_nets |      0|        0|Passed |Multi driven nets |
+------+------------------+-------+---------+-------+------------------+
---------------------------------------------------------------------------------
Start Renaming Generated Instances
---------------------------------------------------------------------------------
---------------------------------------------------------------------------------
Finished Renaming Generated Instances : Time (s): cpu = 00:00:12 ; elapsed = 00:00:55 . Memory (MB): peak = 861.988 ; gain = 489.176
---------------------------------------------------------------------------------

Report RTL Partitions: 
+-+--------------+------------+----------+
| |RTL Partition |Replication |Instances |
+-+--------------+------------+----------+
+-+--------------+------------+----------+
---------------------------------------------------------------------------------
Start Rebuilding User Hierarchy
---------------------------------------------------------------------------------
---------------------------------------------------------------------------------
Finished Rebuilding User Hierarchy : Time (s): cpu = 00:00:12 ; elapsed = 00:00:55 . Memory (MB): peak = 861.988 ; gain = 489.176
---------------------------------------------------------------------------------
---------------------------------------------------------------------------------
Start Renaming Generated Ports
---------------------------------------------------------------------------------
---------------------------------------------------------------------------------
Finished Renaming Generated Ports : Time (s): cpu = 00:00:12 ; elapsed = 00:00:55 . Memory (MB): peak = 861.988 ; gain = 489.176
---------------------------------------------------------------------------------
---------------------------------------------------------------------------------
Start Handling Custom Attributes
---------------------------------------------------------------------------------
---------------------------------------------------------------------------------
Finished Handling Custom Attributes : Time (s): cpu = 00:00:12 ; elapsed = 00:00:55 . Memory (MB): peak = 861.988 ; gain = 489.176
---------------------------------------------------------------------------------
---------------------------------------------------------------------------------
Start Renaming Generated Nets
---------------------------------------------------------------------------------
---------------------------------------------------------------------------------
Finished Renaming Generated Nets : Time (s): cpu = 00:00:12 ; elapsed = 00:00:55 . Memory (MB): peak = 861.988 ; gain = 489.176
---------------------------------------------------------------------------------
---------------------------------------------------------------------------------
Start Writing Synthesis Report
---------------------------------------------------------------------------------

Report BlackBoxes: 
+------+------------------------------+----------+
|      |BlackBox name                 |Instances |
+------+------------------------------+----------+
|1     |design_1_xbar_0               |         1|
|2     |design_1_auto_pc_0            |         1|
|3     |design_1_axi_gpio_0_0         |         1|
|4     |design_1_axi_intc_0_0         |         1|
|5     |design_1_axi_quad_spi_0_0     |         1|
|6     |design_1_axi_timer_0_0        |         1|
|7     |design_1_axi_uartlite_0_0     |         1|
|8     |design_1_clk_wiz_1_0          |         1|
|9     |design_1_mdm_1_0              |         1|
|10    |design_1_microblaze_0_0       |         1|
|11    |design_1_rst_clk_wiz_1_100M_0 |         1|
|12    |design_1_xlconcat_0_0         |         1|
|13    |design_1_dlmb_bram_if_cntlr_0 |         1|
|14    |design_1_dlmb_v10_0           |         1|
|15    |design_1_ilmb_bram_if_cntlr_0 |         1|
|16    |design_1_ilmb_v10_0           |         1|
|17    |design_1_lmb_bram_0           |         1|
+------+------------------------------+----------+

Report Cell Usage: 
+------+------------------------------+------+
|      |Cell                          |Count |
+------+------------------------------+------+
|1     |design_1_auto_pc_0            |     1|
|2     |design_1_axi_gpio_0_0         |     1|
|3     |design_1_axi_intc_0_0         |     1|
|4     |design_1_axi_quad_spi_0_0     |     1|
|5     |design_1_axi_timer_0_0        |     1|
|6     |design_1_axi_uartlite_0_0     |     1|
|7     |design_1_clk_wiz_1_0          |     1|
|8     |design_1_dlmb_bram_if_cntlr_0 |     1|
|9     |design_1_dlmb_v10_0           |     1|
|10    |design_1_ilmb_bram_if_cntlr_0 |     1|
|11    |design_1_ilmb_v10_0           |     1|
|12    |design_1_lmb_bram_0           |     1|
|13    |design_1_mdm_1_0              |     1|
|14    |design_1_microblaze_0_0       |     1|
|15    |design_1_rst_clk_wiz_1_100M_0 |     1|
|16    |design_1_xbar_0               |     1|
|17    |design_1_xlconcat_0_0         |     1|
|18    |IBUF                          |    18|
|19    |OBUF                          |     4|
+------+------------------------------+------+

Report Instance Areas: 
+------+------------------------------+--------------------------------------+------+
|      |Instance                      |Module                                |Cells |
+------+------------------------------+--------------------------------------+------+
|1     |top                           |                                      |  2036|
|2     |  design_1_i                  |design_1                              |  2014|
|3     |    microblaze_0_axi_periph   |design_1_microblaze_0_axi_periph_0    |   790|
|4     |      s01_couplers            |s01_couplers_imp_2REGHR               |   153|
|5     |    microblaze_0_local_memory |microblaze_0_local_memory_imp_1K0VQXK |   496|
+------+------------------------------+--------------------------------------+------+
---------------------------------------------------------------------------------
Finished Writing Synthesis Report : Time (s): cpu = 00:00:12 ; elapsed = 00:00:55 . Memory (MB): peak = 861.988 ; gain = 489.176
---------------------------------------------------------------------------------
Synthesis finished with 0 errors, 0 critical warnings and 12 warnings.
Synthesis Optimization Runtime : Time (s): cpu = 00:00:08 ; elapsed = 00:00:47 . Memory (MB): peak = 862.043 ; gain = 168.355
Synthesis Optimization Complete : Time (s): cpu = 00:00:12 ; elapsed = 00:00:56 . Memory (MB): peak = 862.043 ; gain = 489.230
INFO: [Project 1-571] Translating synthesized netlist
INFO: [Netlist 29-17] Analyzing 18 Unisim elements for replacement
INFO: [Netlist 29-28] Unisim Transformation completed in 0 CPU seconds
INFO: [Project 1-570] Preparing netlist for logic optimization
INFO: [Opt 31-138] Pushed 0 inverter(s) to 0 load pin(s).
INFO: [Project 1-111] Unisim Transformation Summary:
No Unisim elements were transformed.

INFO: [Common 17-83] Releasing license: Synthesis
77 Infos, 49 Warnings, 0 Critical Warnings and 0 Errors encountered.
synth_design completed successfully
synth_design: Time (s): cpu = 00:00:13 ; elapsed = 00:00:58 . Memory (MB): peak = 880.473 ; gain = 514.574
WARNING: [Constraints 18-5210] No constraint will be written out.
INFO: [Common 17-1381] The checkpoint 'E:/20230426/serial_IO/serial_IO.runs/synth_1/design_1_wrapper.dcp' has been generated.
INFO: [runtcl-4] Executing : report_utilization -file design_1_wrapper_utilization_synth.rpt -pb design_1_wrapper_utilization_synth.pb
report_utilization: Time (s): cpu = 00:00:00 ; elapsed = 00:00:00.053 . Memory (MB): peak = 880.473 ; gain = 0.000
INFO: [Common 17-206] Exiting Vivado at Wed Apr 26 13:23:11 2023...
