11:56:21 INFO  : Registering command handlers for SDK TCF services
11:56:21 INFO  : Launching XSCT server: xsct.bat -interactive E:\20230426\serial_IO\serial_IO.sdk\temp_xsdb_launch_script.tcl
11:56:23 INFO  : XSCT server has started successfully.
11:56:25 INFO  : Processing command line option -hwspec E:/20230426/serial_IO/serial_IO.sdk/design_1_wrapper.hdf.
11:56:25 INFO  : Successfully done setting XSCT server connection channel  
11:56:25 INFO  : Successfully done setting SDK workspace  
12:00:44 INFO  : Connected to target on host '127.0.0.1' and port '3121'.
12:00:44 INFO  : 'targets -set -filter {jtag_cable_name =~ "Digilent Nexys4DDR 210292A4BA1EA" && level==0} -index 0' command is executed.
12:00:46 INFO  : FPGA configured successfully with bitstream "E:/20230426/serial_IO/serial_IO.sdk/design_1_wrapper_hw_platform_0/download.bit"
12:42:57 INFO  : Launching XSCT server: xsct.bat -interactive E:\20230426\serial_IO\serial_IO.sdk\temp_xsdb_launch_script.tcl
12:42:58 INFO  : XSCT server has started successfully.
12:42:58 INFO  : Successfully done setting XSCT server connection channel  
12:42:58 INFO  : Successfully done setting SDK workspace  
12:42:59 INFO  : Registering command handlers for SDK TCF services
12:42:59 INFO  : Processing command line option -hwspec E:/20230426/serial_IO/serial_IO.sdk/design_1_wrapper.hdf.
12:43:00 INFO  : Checking for hwspec changes in the project design_1_wrapper_hw_platform_0.
12:43:00 INFO  : SDK has detected change in the last modified timestamps for source hardware specification file Source:1682483978000,  Project:1682481070000
12:43:00 INFO  : The hardware specification for project 'design_1_wrapper_hw_platform_0' is different from E:/20230426/serial_IO/serial_IO.sdk/design_1_wrapper.hdf.
12:43:00 INFO  : Copied contents of E:/20230426/serial_IO/serial_IO.sdk/design_1_wrapper.hdf into \design_1_wrapper_hw_platform_0\system.hdf.
12:43:00 INFO  : Synchronizing projects in the workspace with the hardware platform specification changes.
12:43:40 INFO  : 
12:43:40 INFO  : Clearing existing target manager status.
12:43:40 INFO  : Closing and re-opening the MSS file of ther project serial_IO_bsp
12:43:42 INFO  : Workspace synchronized with the new hardware specification file. Cleaning dependent projects...
12:43:43 WARN  : Linker script will not be updated automatically. Users need to update it manually.
12:45:44 INFO  : Connected to target on host '127.0.0.1' and port '3121'.
12:45:44 INFO  : 'targets -set -filter {jtag_cable_name =~ "Digilent Nexys4DDR 210292A4BA1EA" && level==0} -index 0' command is executed.
12:45:46 INFO  : FPGA configured successfully with bitstream "E:/20230426/serial_IO/serial_IO.sdk/design_1_wrapper_hw_platform_0/download.bit"
12:46:51 INFO  : Connected to target on host '127.0.0.1' and port '3121'.
12:46:51 INFO  : 'targets -set -filter {jtag_cable_name =~ "Digilent Nexys4DDR 210292A4BA1EA" && level==0} -index 0' command is executed.
12:46:54 INFO  : FPGA configured successfully with bitstream "E:/20230426/serial_IO/serial_IO.sdk/design_1_wrapper_hw_platform_0/download.bit"
12:47:16 INFO  : Connected to target on host '127.0.0.1' and port '3121'.
12:47:16 INFO  : 'targets -set -filter {jtag_cable_name =~ "Digilent Nexys4DDR 210292A4BA1EA" && level==0} -index 0' command is executed.
12:47:18 INFO  : FPGA configured successfully with bitstream "E:/20230426/serial_IO/serial_IO.sdk/design_1_wrapper_hw_platform_0/download.bit"
12:54:52 INFO  : Connected to target on host '127.0.0.1' and port '3121'.
12:54:52 INFO  : 'targets -set -filter {jtag_cable_name =~ "Digilent Nexys4DDR 210292A4BA1EA" && level==0} -index 0' command is executed.
12:54:54 INFO  : FPGA configured successfully with bitstream "E:/20230426/serial_IO/serial_IO.sdk/design_1_wrapper_hw_platform_0/download.bit"
13:02:52 INFO  : Connected to target on host '127.0.0.1' and port '3121'.
13:02:52 INFO  : 'targets -set -filter {jtag_cable_name =~ "Digilent Nexys4DDR 210292A4BA1EA" && level==0} -index 0' command is executed.
13:02:54 INFO  : FPGA configured successfully with bitstream "E:/20230426/serial_IO/serial_IO.sdk/design_1_wrapper_hw_platform_0/download.bit"
13:03:58 INFO  : Connected to target on host '127.0.0.1' and port '3121'.
13:03:59 INFO  : 'targets -set -filter {jtag_cable_name =~ "Digilent Nexys4DDR 210292A4BA1EA" && level==0} -index 0' command is executed.
13:04:01 INFO  : FPGA configured successfully with bitstream "E:/20230426/serial_IO/serial_IO.sdk/design_1_wrapper_hw_platform_0/download.bit"
13:09:05 INFO  : Connected to target on host '127.0.0.1' and port '3121'.
13:09:12 INFO  : 'targets -set -filter {jtag_cable_name =~ "Digilent Nexys4DDR 210292A4BA1EA" && level==0} -index 0' command is executed.
13:09:15 INFO  : FPGA configured successfully with bitstream "E:/20230426/serial_IO/serial_IO.sdk/design_1_wrapper_hw_platform_0/download.bit"
13:10:38 INFO  : Connected to target on host '127.0.0.1' and port '3121'.
13:10:38 INFO  : 'targets -set -filter {jtag_cable_name =~ "Digilent Nexys4DDR 210292A4BA1EA" && level==0} -index 0' command is executed.
13:10:41 INFO  : FPGA configured successfully with bitstream "E:/20230426/serial_IO/serial_IO.sdk/design_1_wrapper_hw_platform_0/download.bit"
13:11:17 INFO  : Connected to target on host '127.0.0.1' and port '3121'.
13:11:17 INFO  : 'targets -set -filter {jtag_cable_name =~ "Digilent Nexys4DDR 210292A4BA1EA" && level==0} -index 0' command is executed.
13:11:20 INFO  : FPGA configured successfully with bitstream "E:/20230426/serial_IO/serial_IO.sdk/design_1_wrapper_hw_platform_0/download.bit"
13:12:45 INFO  : Connected to target on host '127.0.0.1' and port '3121'.
13:12:45 INFO  : 'targets -set -filter {jtag_cable_name =~ "Digilent Nexys4DDR 210292A4BA1EA" && level==0} -index 0' command is executed.
13:12:48 INFO  : FPGA configured successfully with bitstream "E:/20230426/serial_IO/serial_IO.sdk/design_1_wrapper_hw_platform_0/download.bit"
13:16:06 INFO  : Connected to target on host '127.0.0.1' and port '3121'.
13:16:06 INFO  : 'targets -set -filter {jtag_cable_name =~ "Digilent Nexys4DDR 210292A4BA1EA" && level==0} -index 0' command is executed.
13:16:08 INFO  : FPGA configured successfully with bitstream "E:/20230426/serial_IO/serial_IO.sdk/design_1_wrapper_hw_platform_0/download.bit"
13:26:21 INFO  : SDK has detected change in the last modified timestamps for source hardware specification file Source:1682486752000,  Project:1682483978000
13:26:21 INFO  : Project design_1_wrapper_hw_platform_0's source hardware specification located at E:/20230426/serial_IO/serial_IO.sdk/design_1_wrapper.hdf is now different from the local copy.
		 The local copy will be replaced with the source specification and your workspace will be updated.
13:26:26 INFO  : Project design_1_wrapper_hw_platform_0's source hardware specification location will not be monitored anymore.
13:26:38 INFO  : Launching XSCT server: xsct.bat -interactive E:\20230426\serial_IO\serial_IO.sdk\temp_xsdb_launch_script.tcl
13:26:39 INFO  : XSCT server has started successfully.
13:26:40 INFO  : Successfully done setting XSCT server connection channel  
13:26:40 INFO  : Successfully done setting SDK workspace  
13:26:41 INFO  : Registering command handlers for SDK TCF services
13:26:41 INFO  : Processing command line option -hwspec E:/20230426/serial_IO/serial_IO.sdk/design_1_wrapper.hdf.
13:27:21 INFO  : Registering command handlers for SDK TCF services
13:27:21 INFO  : Launching XSCT server: xsct.bat -interactive E:\20230426\serial_IO\serial_IO.sdk\temp_xsdb_launch_script.tcl
13:27:22 INFO  : XSCT server has started successfully.
13:27:22 INFO  : Processing command line option -hwspec E:/20230426/serial_IO/serial_IO.sdk/design_1_wrapper.hdf.
13:27:22 INFO  : Successfully done setting XSCT server connection channel  
13:27:22 INFO  : Successfully done setting SDK workspace  
13:28:59 INFO  : Connected to target on host '127.0.0.1' and port '3121'.
13:28:59 INFO  : 'targets -set -filter {jtag_cable_name =~ "Digilent Nexys4DDR 210292A4BA1EA" && level==0} -index 0' command is executed.
13:29:01 INFO  : FPGA configured successfully with bitstream "E:/20230426/serial_IO/serial_IO.sdk/design_1_wrapper_hw_platform_0/download.bit"
13:29:22 INFO  : Connected to target on host '127.0.0.1' and port '3121'.
13:29:22 INFO  : 'targets -set -filter {jtag_cable_name =~ "Digilent Nexys4DDR 210292A4BA1EA" && level==0} -index 0' command is executed.
13:29:24 INFO  : FPGA configured successfully with bitstream "E:/20230426/serial_IO/serial_IO.sdk/design_1_wrapper_hw_platform_0/download.bit"
13:29:51 INFO  : Connected to target on host '127.0.0.1' and port '3121'.
13:29:51 INFO  : 'targets -set -filter {jtag_cable_name =~ "Digilent Nexys4DDR 210292A4BA1EA" && level==0} -index 0' command is executed.
13:29:53 INFO  : FPGA configured successfully with bitstream "E:/20230426/serial_IO/serial_IO.sdk/design_1_wrapper_hw_platform_0/download.bit"
13:29:54 INFO  : Connected to target on host '127.0.0.1' and port '3121'.
13:30:07 INFO  : Connected to target on host '127.0.0.1' and port '3121'.
13:30:07 INFO  : 'targets -set -filter {jtag_cable_name =~ "Digilent Nexys4DDR 210292A4BA1EA" && level==0} -index 0' command is executed.
13:30:10 INFO  : FPGA configured successfully with bitstream "E:/20230426/serial_IO/serial_IO.sdk/design_1_wrapper_hw_platform_0/download.bit"
13:30:57 INFO  : Connected to target on host '127.0.0.1' and port '3121'.
13:30:57 INFO  : 'targets -set -filter {jtag_cable_name =~ "Digilent Nexys4DDR 210292A4BA1EA" && level==0} -index 0' command is executed.
13:31:00 INFO  : FPGA configured successfully with bitstream "E:/20230426/serial_IO/serial_IO.sdk/design_1_wrapper_hw_platform_0/download.bit"
13:31:41 INFO  : Registering command handlers for SDK TCF services
13:31:41 INFO  : Launching XSCT server: xsct.bat -interactive E:\20230426\serial_IO\serial_IO.sdk\temp_xsdb_launch_script.tcl
13:31:42 INFO  : XSCT server has started successfully.
13:31:42 INFO  : Processing command line option -hwspec E:/20230426/serial_IO/serial_IO.sdk/design_1_wrapper.hdf.
13:31:42 INFO  : Successfully done setting XSCT server connection channel  
13:31:42 INFO  : Checking for hwspec changes in the project design_1_wrapper_hw_platform_0.
13:31:42 INFO  : Successfully done setting SDK workspace  
13:32:01 INFO  : Connected to target on host '127.0.0.1' and port '3121'.
13:32:01 INFO  : 'targets -set -filter {jtag_cable_name =~ "Digilent Nexys4DDR 210292A4BA1EA" && level==0} -index 0' command is executed.
13:32:03 INFO  : FPGA configured successfully with bitstream "E:/20230426/serial_IO/serial_IO.sdk/design_1_wrapper_hw_platform_0/download.bit"
13:32:52 INFO  : Registering command handlers for SDK TCF services
13:32:52 INFO  : Launching XSCT server: xsct.bat -interactive E:\20230426\serial_IO\serial_IO.sdk\temp_xsdb_launch_script.tcl
13:32:53 INFO  : XSCT server has started successfully.
13:32:53 INFO  : Successfully done setting XSCT server connection channel  
13:32:54 INFO  : Processing command line option -hwspec E:/20230426/serial_IO/serial_IO.sdk/design_1_wrapper.hdf.
13:32:54 INFO  : Successfully done setting SDK workspace  
13:34:37 INFO  : Connected to target on host '127.0.0.1' and port '3121'.
13:34:38 INFO  : 'targets -set -filter {jtag_cable_name =~ "Digilent Nexys4DDR 210292A4BA1EA" && level==0} -index 0' command is executed.
13:34:40 INFO  : FPGA configured successfully with bitstream "E:/20230426/serial_IO/serial_IO.sdk/design_1_wrapper_hw_platform_0/download.bit"
13:35:31 INFO  : Connected to target on host '127.0.0.1' and port '3121'.
13:35:31 INFO  : 'targets -set -filter {jtag_cable_name =~ "Digilent Nexys4DDR 210292A4BA1EA" && level==0} -index 0' command is executed.
13:35:34 INFO  : FPGA configured successfully with bitstream "E:/20230426/serial_IO/serial_IO.sdk/design_1_wrapper_hw_platform_0/download.bit"
13:35:45 INFO  : Connected to target on host '127.0.0.1' and port '3121'.
13:35:45 INFO  : 'targets -set -filter {jtag_cable_name =~ "Digilent Nexys4DDR 210292A4BA1EA" && level==0} -index 0' command is executed.
13:35:47 INFO  : FPGA configured successfully with bitstream "E:/20230426/serial_IO/serial_IO.sdk/design_1_wrapper_hw_platform_0/download.bit"
13:36:08 INFO  : Connected to target on host '127.0.0.1' and port '3121'.
13:36:08 INFO  : 'targets -set -filter {jtag_cable_name =~ "Digilent Nexys4DDR 210292A4BA1EA" && level==0} -index 0' command is executed.
13:36:10 INFO  : FPGA configured successfully with bitstream "E:/20230426/serial_IO/serial_IO.sdk/design_1_wrapper_hw_platform_0/download.bit"
