#-----------------------------------------------------------
# Webtalk v2018.2 (64-bit)
# SW Build 2258646 on Thu Jun 14 20:03:12 MDT 2018
# 
# Start of session at: Wed May 17 12:32:06 2023
# Process ID: 4452
# Current directory: D:/project_1/project_1.sdk/webtalk
# Command line: wbtcv.exe -mode batch -source sdk_webtalk.tcl
# Log file: D:/project_1/project_1.sdk/webtalk/webtalk.log
# Journal file: D:/project_1/project_1.sdk/webtalk\webtalk.jou
#-----------------------------------------------------------
source sdk_webtalk.tcl
# webtalk_init -webtalk_dir D:\\project_1\\project_1.sdk\\webtalk
# webtalk_register_client -client project
# webtalk_add_data -client project -key date_generated -value "2023-05-17 12:32:05" -context "software_version_and_target_device"
# webtalk_add_data -client project -key product_version -value "SDK v2018.2" -context "software_version_and_target_device"
# webtalk_add_data -client project -key build_version -value "2018.2" -context "software_version_and_target_device"
# webtalk_add_data -client project -key os_platform -value "amd64" -context "software_version_and_target_device"
# webtalk_add_data -client project -key registration_id -value "" -context "software_version_and_target_device"
# webtalk_add_data -client project -key tool_flow -value "SDK" -context "software_version_and_target_device"
# webtalk_add_data -client project -key beta -value "false" -context "software_version_and_target_device"
# webtalk_add_data -client project -key route_design -value "NA" -context "software_version_and_target_device"
# webtalk_add_data -client project -key target_family -value "NA" -context "software_version_and_target_device"
# webtalk_add_data -client project -key target_device -value "NA" -context "software_version_and_target_device"
# webtalk_add_data -client project -key target_package -value "NA" -context "software_version_and_target_device"
# webtalk_add_data -client project -key target_speed -value "NA" -context "software_version_and_target_device"
# webtalk_add_data -client project -key random_id -value "vs5m0lqtha94idtmlgnm5ac9i" -context "software_version_and_target_device"
# webtalk_add_data -client project -key project_id -value "2018.2_2" -context "software_version_and_target_device"
# webtalk_add_data -client project -key project_iteration -value "2" -context "software_version_and_target_device"
# webtalk_add_data -client project -key os_name -value "Microsoft Windows 8 or later , 64-bit" -context "user_environment"
# webtalk_add_data -client project -key os_release -value "major release  (build 9200)" -context "user_environment"
# webtalk_add_data -client project -key cpu_name -value "12th Gen Intel(R) Core(TM) i7-12700" -context "user_environment"
# webtalk_add_data -client project -key cpu_speed -value "2112 MHz" -context "user_environment"
# webtalk_add_data -client project -key total_processors -value "1" -context "user_environment"
# webtalk_add_data -client project -key system_ram -value "16.852 GB" -context "user_environment"
# webtalk_register_client -client sdk
# webtalk_add_data -client sdk -key uid -value "1684295872392" -context "sdk\\\\hardware/1684295872392"
# webtalk_add_data -client sdk -key isZynq -value "false" -context "sdk\\\\hardware/1684295872392"
# webtalk_add_data -client sdk -key isZynqMP -value "false" -context "sdk\\\\hardware/1684295872392"
# webtalk_add_data -client sdk -key Processors -value "1" -context "sdk\\\\hardware/1684295872392"
# webtalk_add_data -client sdk -key VivadoVersion -value "2018.2" -context "sdk\\\\hardware/1684295872392"
# webtalk_add_data -client sdk -key Arch -value "artix7" -context "sdk\\\\hardware/1684295872392"
# webtalk_add_data -client sdk -key Device -value "7a100t" -context "sdk\\\\hardware/1684295872392"
# webtalk_add_data -client sdk -key IsHandoff -value "true" -context "sdk\\\\hardware/1684295872392"
# webtalk_add_data -client sdk -key os -value "NA" -context "sdk\\\\hardware/1684295872392"
# webtalk_add_data -client sdk -key apptemplate -value "NA" -context "sdk\\\\hardware/1684295872392"
# webtalk_add_data -client sdk -key RecordType -value "HWCreation" -context "sdk\\\\hardware/1684295872392"
# webtalk_add_data -client sdk -key uid -value "1684295899909" -context "sdk\\\\bsp/1684295899909"
# webtalk_add_data -client sdk -key hwid -value "1684295872392" -context "sdk\\\\bsp/1684295899909"
# webtalk_add_data -client sdk -key os -value "standalone" -context "sdk\\\\bsp/1684295899909"
# webtalk_add_data -client sdk -key apptemplate -value "hello_world" -context "sdk\\\\bsp/1684295899909"
# webtalk_add_data -client sdk -key RecordType -value "BSPCreation" -context "sdk\\\\bsp/1684295899909"
# webtalk_add_data -client sdk -key uid -value "1684295901390" -context "sdk\\\\application/1684295901390"
# webtalk_add_data -client sdk -key hwid -value "1684295872392" -context "sdk\\\\application/1684295901390"
# webtalk_add_data -client sdk -key bspid -value "1684295899909" -context "sdk\\\\application/1684295901390"
# webtalk_add_data -client sdk -key newbsp -value "true" -context "sdk\\\\application/1684295901390"
# webtalk_add_data -client sdk -key os -value "standalone" -context "sdk\\\\application/1684295901390"
# webtalk_add_data -client sdk -key apptemplate -value "hello_world" -context "sdk\\\\application/1684295901390"
# webtalk_add_data -client sdk -key RecordType -value "APPCreation" -context "sdk\\\\application/1684295901390"
# webtalk_add_data -client sdk -key LangUsed -value "C" -context "sdk\\\\application/1684295901390"
# webtalk_add_data -client sdk -key Procused -value "microblaze" -context "sdk\\\\application/1684295901390"
# webtalk_add_data -client sdk -key projSize -value "96.12109375" -context "sdk\\\\application/1684295901390"
# webtalk_add_data -client sdk -key uid -value "NA" -context "sdk\\\\bsp/1684297925956"
# webtalk_add_data -client sdk -key RecordType -value "ToolUsage" -context "sdk\\\\bsp/1684297925956"
# webtalk_add_data -client sdk -key BootgenCount -value "0" -context "sdk\\\\bsp/1684297925956"
# webtalk_add_data -client sdk -key DebugCount -value "0" -context "sdk\\\\bsp/1684297925956"
# webtalk_add_data -client sdk -key PerfCount -value "0" -context "sdk\\\\bsp/1684297925956"
# webtalk_add_data -client sdk -key FlashCount -value "0" -context "sdk\\\\bsp/1684297925956"
# webtalk_add_data -client sdk -key CrossTriggCount -value "0" -context "sdk\\\\bsp/1684297925956"
# webtalk_add_data -client sdk -key QemuDebugCount -value "0" -context "sdk\\\\bsp/1684297925956"
# webtalk_transmit -clientid 1765781084 -regid "" -xml D:\\project_1\\project_1.sdk\\webtalk\\usage_statistics_ext_sdk.xml -html D:\\project_1\\project_1.sdk\\webtalk\\usage_statistics_ext_sdk.html -wdm D:\\project_1\\project_1.sdk\\webtalk\\sdk_webtalk.wdm -intro "<H3>SDK Usage Report</H3><BR>"
# webtalk_terminate
INFO: [Common 17-206] Exiting Webtalk at Wed May 17 12:32:08 2023...
